{"C:\\Users\\USUARIO\\Desktop\\uptask_mern\\uptask_backend\\src\\server.ts": {"path":"C:\\Users\\USUARIO\\Desktop\\uptask_mern\\uptask_backend\\src\\server.ts","statementMap":{"0":{"start":{"line":1,"column":0},"end":{"line":1,"column":29}},"1":{"start":{"line":2,"column":0},"end":{"line":2,"column":27}},"2":{"start":{"line":3,"column":0},"end":{"line":3,"column":39}},"3":{"start":{"line":4,"column":0},"end":{"line":4,"column":44}},"4":{"start":{"line":5,"column":0},"end":{"line":5,"column":50}},"5":{"start":{"line":6,"column":0},"end":{"line":6,"column":42}},"6":{"start":{"line":7,"column":0},"end":{"line":7,"column":23}},"7":{"start":{"line":8,"column":0},"end":{"line":8,"column":27}},"8":{"start":{"line":10,"column":0},"end":{"line":10,"column":null}},"9":{"start":{"line":12,"column":0},"end":{"line":14,"column":1}},"10":{"start":{"line":13,"column":2},"end":{"line":13,"column":null}},"11":{"start":{"line":16,"column":12},"end":{"line":16,"column":21}},"12":{"start":{"line":19,"column":0},"end":{"line":19,"column":null}},"13":{"start":{"line":22,"column":0},"end":{"line":22,"column":null}},"14":{"start":{"line":26,"column":0},"end":{"line":26,"column":null}},"15":{"start":{"line":29,"column":0},"end":{"line":31,"column":null}},"16":{"start":{"line":30,"column":2},"end":{"line":30,"column":null}},"17":{"start":{"line":34,"column":0},"end":{"line":34,"column":null}},"18":{"start":{"line":35,"column":0},"end":{"line":35,"column":null}},"19":{"start":{"line":38,"column":0},"end":{"line":38,"column":null}}},"fnMap":{"0":{"name":"(anonymous_1)","decl":{"start":{"line":29,"column":16},"end":{"line":29,"column":17}},"loc":{"start":{"line":29,"column":29},"end":{"line":31,"column":1}}}},"branchMap":{"0":{"loc":{"start":{"line":12,"column":0},"end":{"line":14,"column":1}},"type":"if","locations":[{"start":{"line":12,"column":0},"end":{"line":14,"column":1}}]}},"s":{"0":2,"1":2,"2":2,"3":2,"4":2,"5":2,"6":2,"7":2,"8":2,"9":2,"10":2,"11":2,"12":2,"13":2,"14":2,"15":2,"16":1,"17":2,"18":2,"19":2},"f":{"0":1},"b":{"0":[2]}}
,"C:\\Users\\USUARIO\\Desktop\\uptask_mern\\uptask_backend\\src\\config\\cors.ts": {"path":"C:\\Users\\USUARIO\\Desktop\\uptask_mern\\uptask_backend\\src\\config\\cors.ts","statementMap":{"0":{"start":{"line":4,"column":13},"end":{"line":19,"column":2}},"1":{"start":{"line":6,"column":26},"end":{"line":6,"column":52}},"2":{"start":{"line":9,"column":8},"end":{"line":11,"column":9}},"3":{"start":{"line":10,"column":8},"end":{"line":10,"column":36}},"4":{"start":{"line":13,"column":8},"end":{"line":17,"column":9}},"5":{"start":{"line":14,"column":8},"end":{"line":14,"column":29}},"6":{"start":{"line":16,"column":8},"end":{"line":16,"column":45}}},"fnMap":{"0":{"name":"(anonymous_0)","decl":{"start":{"line":5,"column":12},"end":{"line":5,"column":22}},"loc":{"start":{"line":5,"column":38},"end":{"line":18,"column":5}}}},"branchMap":{"0":{"loc":{"start":{"line":9,"column":8},"end":{"line":11,"column":9}},"type":"if","locations":[{"start":{"line":9,"column":8},"end":{"line":11,"column":9}}]},"1":{"loc":{"start":{"line":9,"column":12},"end":{"line":9,"column":50}},"type":"binary-expr","locations":[{"start":{"line":9,"column":12},"end":{"line":9,"column":19}},{"start":{"line":9,"column":23},"end":{"line":9,"column":50}}]},"2":{"loc":{"start":{"line":13,"column":8},"end":{"line":17,"column":9}},"type":"if","locations":[{"start":{"line":13,"column":8},"end":{"line":17,"column":9}},{"start":{"line":15,"column":15},"end":{"line":17,"column":9}}]}},"s":{"0":2,"1":24,"2":24,"3":24,"4":0,"5":0,"6":0},"f":{"0":24},"b":{"0":[24],"1":[24,0],"2":[0,0]}}
,"C:\\Users\\USUARIO\\Desktop\\uptask_mern\\uptask_backend\\src\\config\\db.ts": {"path":"C:\\Users\\USUARIO\\Desktop\\uptask_mern\\uptask_backend\\src\\config\\db.ts","statementMap":{"0":{"start":{"line":1,"column":0},"end":{"line":1,"column":31}},"1":{"start":{"line":2,"column":0},"end":{"line":2,"column":35}},"2":{"start":{"line":4,"column":25},"end":{"line":14,"column":1}},"3":{"start":{"line":5,"column":2},"end":{"line":13,"column":3}},"4":{"start":{"line":6,"column":23},"end":{"line":6,"column":81}},"5":{"start":{"line":7,"column":4},"end":{"line":9,"column":5}},"6":{"start":{"line":8,"column":6},"end":{"line":8,"column":null}},"7":{"start":{"line":11,"column":4},"end":{"line":11,"column":null}},"8":{"start":{"line":12,"column":4},"end":{"line":12,"column":null}},"9":{"start":{"line":4,"column":13},"end":{"line":4,"column":25}}},"fnMap":{"0":{"name":"(anonymous_1)","decl":{"start":{"line":4,"column":25},"end":{"line":4,"column":30}},"loc":{"start":{"line":4,"column":36},"end":{"line":14,"column":1}}}},"branchMap":{"0":{"loc":{"start":{"line":7,"column":4},"end":{"line":9,"column":5}},"type":"if","locations":[{"start":{"line":7,"column":4},"end":{"line":9,"column":5}}]}},"s":{"0":2,"1":2,"2":2,"3":2,"4":2,"5":1,"6":0,"7":0,"8":0,"9":2},"f":{"0":2},"b":{"0":[0]}}
,"C:\\Users\\USUARIO\\Desktop\\uptask_mern\\uptask_backend\\src\\config\\nodemailer.ts": {"path":"C:\\Users\\USUARIO\\Desktop\\uptask_mern\\uptask_backend\\src\\config\\nodemailer.ts","statementMap":{"0":{"start":{"line":1,"column":0},"end":{"line":1,"column":35}},"1":{"start":{"line":2,"column":0},"end":{"line":2,"column":27}},"2":{"start":{"line":4,"column":0},"end":{"line":4,"column":null}},"3":{"start":{"line":6,"column":15},"end":{"line":15,"column":1}},"4":{"start":{"line":7,"column":4},"end":{"line":14,"column":null}},"5":{"start":{"line":17,"column":13},"end":{"line":17,"column":64}}},"fnMap":{"0":{"name":"(anonymous_1)","decl":{"start":{"line":6,"column":15},"end":{"line":6,"column":18}},"loc":{"start":{"line":6,"column":20},"end":{"line":15,"column":1}}}},"branchMap":{},"s":{"0":2,"1":2,"2":2,"3":2,"4":2,"5":2},"f":{"0":2},"b":{}}
,"C:\\Users\\USUARIO\\Desktop\\uptask_mern\\uptask_backend\\src\\controllers\\AuthController.ts": {"path":"C:\\Users\\USUARIO\\Desktop\\uptask_mern\\uptask_backend\\src\\controllers\\AuthController.ts","statementMap":{"0":{"start":{"line":2,"column":0},"end":{"line":2,"column":33}},"1":{"start":{"line":3,"column":0},"end":{"line":3,"column":59}},"2":{"start":{"line":4,"column":0},"end":{"line":4,"column":35}},"3":{"start":{"line":5,"column":0},"end":{"line":5,"column":46}},"4":{"start":{"line":6,"column":0},"end":{"line":6,"column":47}},"5":{"start":{"line":7,"column":0},"end":{"line":7,"column":42}},"6":{"start":{"line":11,"column":27},"end":{"line":49,"column":5}},"7":{"start":{"line":12,"column":8},"end":{"line":48,"column":9}},"8":{"start":{"line":13,"column":38},"end":{"line":13,"column":46}},"9":{"start":{"line":16,"column":30},"end":{"line":16,"column":57}},"10":{"start":{"line":17,"column":12},"end":{"line":21,"column":13}},"11":{"start":{"line":18,"column":30},"end":{"line":18,"column":72}},"12":{"start":{"line":19,"column":16},"end":{"line":19,"column":null}},"13":{"start":{"line":20,"column":16},"end":{"line":20,"column":22}},"14":{"start":{"line":23,"column":25},"end":{"line":23,"column":43}},"15":{"start":{"line":28,"column":12},"end":{"line":28,"column":null}},"16":{"start":{"line":31,"column":26},"end":{"line":31,"column":37}},"17":{"start":{"line":32,"column":12},"end":{"line":32,"column":null}},"18":{"start":{"line":33,"column":12},"end":{"line":33,"column":null}},"19":{"start":{"line":36,"column":12},"end":{"line":40,"column":null}},"20":{"start":{"line":42,"column":12},"end":{"line":42,"column":null}},"21":{"start":{"line":43,"column":12},"end":{"line":43,"column":null}},"22":{"start":{"line":45,"column":12},"end":{"line":45,"column":null}},"23":{"start":{"line":47,"column":12},"end":{"line":47,"column":null}},"24":{"start":{"line":51,"column":28},"end":{"line":74,"column":5}},"25":{"start":{"line":52,"column":8},"end":{"line":73,"column":9}},"26":{"start":{"line":53,"column":28},"end":{"line":53,"column":36}},"27":{"start":{"line":56,"column":31},"end":{"line":56,"column":59}},"28":{"start":{"line":57,"column":12},"end":{"line":61,"column":13}},"29":{"start":{"line":58,"column":30},"end":{"line":58,"column":58}},"30":{"start":{"line":59,"column":16},"end":{"line":59,"column":null}},"31":{"start":{"line":60,"column":16},"end":{"line":60,"column":22}},"32":{"start":{"line":63,"column":25},"end":{"line":63,"column":61}},"33":{"start":{"line":64,"column":12},"end":{"line":64,"column":null}},"34":{"start":{"line":66,"column":12},"end":{"line":66,"column":null}},"35":{"start":{"line":67,"column":12},"end":{"line":67,"column":null}},"36":{"start":{"line":69,"column":12},"end":{"line":69,"column":null}},"37":{"start":{"line":72,"column":12},"end":{"line":72,"column":null}},"38":{"start":{"line":76,"column":19},"end":{"line":126,"column":5}},"39":{"start":{"line":77,"column":8},"end":{"line":125,"column":9}},"40":{"start":{"line":78,"column":38},"end":{"line":78,"column":46}},"41":{"start":{"line":79,"column":25},"end":{"line":79,"column":52}},"42":{"start":{"line":82,"column":12},"end":{"line":86,"column":13}},"43":{"start":{"line":83,"column":30},"end":{"line":83,"column":64}},"44":{"start":{"line":84,"column":16},"end":{"line":84,"column":null}},"45":{"start":{"line":85,"column":16},"end":{"line":85,"column":22}},"46":{"start":{"line":89,"column":12},"end":{"line":109,"column":13}},"47":{"start":{"line":93,"column":30},"end":{"line":93,"column":41}},"48":{"start":{"line":94,"column":16},"end":{"line":94,"column":null}},"49":{"start":{"line":95,"column":16},"end":{"line":95,"column":null}},"50":{"start":{"line":97,"column":16},"end":{"line":97,"column":null}},"51":{"start":{"line":100,"column":16},"end":{"line":104,"column":null}},"52":{"start":{"line":106,"column":30},"end":{"line":106,"column":114}},"53":{"start":{"line":107,"column":16},"end":{"line":107,"column":null}},"54":{"start":{"line":108,"column":16},"end":{"line":108,"column":22}},"55":{"start":{"line":112,"column":38},"end":{"line":112,"column":82}},"56":{"start":{"line":113,"column":12},"end":{"line":117,"column":13}},"57":{"start":{"line":114,"column":30},"end":{"line":114,"column":64}},"58":{"start":{"line":115,"column":16},"end":{"line":115,"column":null}},"59":{"start":{"line":116,"column":16},"end":{"line":116,"column":22}},"60":{"start":{"line":120,"column":26},"end":{"line":120,"column":52}},"61":{"start":{"line":121,"column":12},"end":{"line":121,"column":null}},"62":{"start":{"line":124,"column":12},"end":{"line":124,"column":null}},"63":{"start":{"line":129,"column":37},"end":{"line":166,"column":5}},"64":{"start":{"line":130,"column":8},"end":{"line":165,"column":9}},"65":{"start":{"line":131,"column":28},"end":{"line":131,"column":36}},"66":{"start":{"line":134,"column":25},"end":{"line":134,"column":52}},"67":{"start":{"line":135,"column":12},"end":{"line":139,"column":13}},"68":{"start":{"line":136,"column":30},"end":{"line":136,"column":72}},"69":{"start":{"line":137,"column":16},"end":{"line":137,"column":null}},"70":{"start":{"line":138,"column":16},"end":{"line":138,"column":22}},"71":{"start":{"line":141,"column":12},"end":{"line":145,"column":13}},"72":{"start":{"line":142,"column":30},"end":{"line":142,"column":72}},"73":{"start":{"line":143,"column":16},"end":{"line":143,"column":null}},"74":{"start":{"line":144,"column":16},"end":{"line":144,"column":22}},"75":{"start":{"line":148,"column":26},"end":{"line":148,"column":37}},"76":{"start":{"line":149,"column":12},"end":{"line":149,"column":null}},"77":{"start":{"line":150,"column":12},"end":{"line":150,"column":null}},"78":{"start":{"line":153,"column":12},"end":{"line":157,"column":null}},"79":{"start":{"line":159,"column":12},"end":{"line":159,"column":null}},"80":{"start":{"line":160,"column":12},"end":{"line":160,"column":null}},"81":{"start":{"line":162,"column":12},"end":{"line":162,"column":null}},"82":{"start":{"line":164,"column":12},"end":{"line":164,"column":null}},"83":{"start":{"line":168,"column":28},"end":{"line":198,"column":5}},"84":{"start":{"line":169,"column":8},"end":{"line":197,"column":9}},"85":{"start":{"line":170,"column":28},"end":{"line":170,"column":36}},"86":{"start":{"line":173,"column":25},"end":{"line":173,"column":52}},"87":{"start":{"line":174,"column":12},"end":{"line":178,"column":13}},"88":{"start":{"line":175,"column":30},"end":{"line":175,"column":72}},"89":{"start":{"line":176,"column":16},"end":{"line":176,"column":null}},"90":{"start":{"line":177,"column":16},"end":{"line":177,"column":22}},"91":{"start":{"line":181,"column":26},"end":{"line":181,"column":37}},"92":{"start":{"line":182,"column":12},"end":{"line":182,"column":null}},"93":{"start":{"line":183,"column":12},"end":{"line":183,"column":null}},"94":{"start":{"line":185,"column":12},"end":{"line":185,"column":32}},"95":{"start":{"line":188,"column":12},"end":{"line":192,"column":null}},"96":{"start":{"line":194,"column":12},"end":{"line":194,"column":null}},"97":{"start":{"line":196,"column":12},"end":{"line":196,"column":null}},"98":{"start":{"line":200,"column":27},"end":{"line":217,"column":5}},"99":{"start":{"line":201,"column":8},"end":{"line":216,"column":9}},"100":{"start":{"line":202,"column":28},"end":{"line":202,"column":36}},"101":{"start":{"line":205,"column":31},"end":{"line":205,"column":59}},"102":{"start":{"line":206,"column":12},"end":{"line":210,"column":13}},"103":{"start":{"line":207,"column":30},"end":{"line":207,"column":58}},"104":{"start":{"line":208,"column":16},"end":{"line":208,"column":null}},"105":{"start":{"line":209,"column":16},"end":{"line":209,"column":22}},"106":{"start":{"line":212,"column":12},"end":{"line":212,"column":null}},"107":{"start":{"line":215,"column":12},"end":{"line":215,"column":null}},"108":{"start":{"line":219,"column":37},"end":{"line":248,"column":5}},"109":{"start":{"line":220,"column":8},"end":{"line":247,"column":9}},"110":{"start":{"line":222,"column":28},"end":{"line":222,"column":38}},"111":{"start":{"line":225,"column":31},"end":{"line":225,"column":59}},"112":{"start":{"line":226,"column":12},"end":{"line":230,"column":13}},"113":{"start":{"line":227,"column":30},"end":{"line":227,"column":58}},"114":{"start":{"line":228,"column":16},"end":{"line":228,"column":null}},"115":{"start":{"line":229,"column":16},"end":{"line":229,"column":22}},"116":{"start":{"line":233,"column":31},"end":{"line":233,"column":39}},"117":{"start":{"line":235,"column":25},"end":{"line":235,"column":61}},"118":{"start":{"line":236,"column":12},"end":{"line":236,"column":null}},"119":{"start":{"line":239,"column":12},"end":{"line":239,"column":null}},"120":{"start":{"line":240,"column":12},"end":{"line":240,"column":null}},"121":{"start":{"line":242,"column":12},"end":{"line":242,"column":null}},"122":{"start":{"line":245,"column":12},"end":{"line":245,"column":null}},"123":{"start":{"line":246,"column":12},"end":{"line":246,"column":18}},"124":{"start":{"line":253,"column":18},"end":{"line":260,"column":5}},"125":{"start":{"line":254,"column":8},"end":{"line":259,"column":9}},"126":{"start":{"line":255,"column":12},"end":{"line":255,"column":null}},"127":{"start":{"line":256,"column":12},"end":{"line":256,"column":18}},"128":{"start":{"line":258,"column":12},"end":{"line":258,"column":null}},"129":{"start":{"line":262,"column":27},"end":{"line":288,"column":5}},"130":{"start":{"line":264,"column":8},"end":{"line":287,"column":9}},"131":{"start":{"line":266,"column":12},"end":{"line":268,"column":13}},"132":{"start":{"line":267,"column":16},"end":{"line":267,"column":72}},"133":{"start":{"line":270,"column":34},"end":{"line":270,"column":42}},"134":{"start":{"line":272,"column":30},"end":{"line":272,"column":57}},"135":{"start":{"line":273,"column":12},"end":{"line":277,"column":13}},"136":{"start":{"line":274,"column":30},"end":{"line":274,"column":71}},"137":{"start":{"line":275,"column":16},"end":{"line":275,"column":null}},"138":{"start":{"line":276,"column":16},"end":{"line":276,"column":22}},"139":{"start":{"line":279,"column":12},"end":{"line":279,"column":null}},"140":{"start":{"line":280,"column":12},"end":{"line":280,"column":null}},"141":{"start":{"line":282,"column":12},"end":{"line":282,"column":null}},"142":{"start":{"line":283,"column":12},"end":{"line":283,"column":null}},"143":{"start":{"line":285,"column":12},"end":{"line":285,"column":60}},"144":{"start":{"line":286,"column":12},"end":{"line":286,"column":null}},"145":{"start":{"line":290,"column":39},"end":{"line":317,"column":5}},"146":{"start":{"line":291,"column":45},"end":{"line":291,"column":53}},"147":{"start":{"line":293,"column":21},"end":{"line":293,"column":53}},"148":{"start":{"line":294,"column":34},"end":{"line":294,"column":86}},"149":{"start":{"line":295,"column":8},"end":{"line":299,"column":9}},"150":{"start":{"line":296,"column":26},"end":{"line":296,"column":65}},"151":{"start":{"line":297,"column":12},"end":{"line":297,"column":null}},"152":{"start":{"line":298,"column":12},"end":{"line":298,"column":18}},"153":{"start":{"line":302,"column":43},"end":{"line":302,"column":87}},"154":{"start":{"line":304,"column":8},"end":{"line":308,"column":9}},"155":{"start":{"line":305,"column":26},"end":{"line":305,"column":100}},"156":{"start":{"line":306,"column":12},"end":{"line":306,"column":59}},"157":{"start":{"line":307,"column":12},"end":{"line":307,"column":19}},"158":{"start":{"line":310,"column":8},"end":{"line":316,"column":9}},"159":{"start":{"line":311,"column":12},"end":{"line":311,"column":null}},"160":{"start":{"line":312,"column":12},"end":{"line":312,"column":null}},"161":{"start":{"line":313,"column":12},"end":{"line":313,"column":null}},"162":{"start":{"line":315,"column":12},"end":{"line":315,"column":null}},"163":{"start":{"line":319,"column":27},"end":{"line":332,"column":5}},"164":{"start":{"line":320,"column":27},"end":{"line":320,"column":35}},"165":{"start":{"line":321,"column":21},"end":{"line":321,"column":53}},"166":{"start":{"line":323,"column":34},"end":{"line":323,"column":78}},"167":{"start":{"line":324,"column":8},"end":{"line":328,"column":9}},"168":{"start":{"line":325,"column":26},"end":{"line":325,"column":58}},"169":{"start":{"line":326,"column":12},"end":{"line":326,"column":null}},"170":{"start":{"line":327,"column":12},"end":{"line":327,"column":18}},"171":{"start":{"line":330,"column":8},"end":{"line":330,"column":null}},"172":{"start":{"line":9,"column":0},"end":{"line":9,"column":13}}},"fnMap":{"0":{"name":"(anonymous_1)","decl":{"start":{"line":11,"column":27},"end":{"line":11,"column":32}},"loc":{"start":{"line":11,"column":65},"end":{"line":49,"column":5}}},"1":{"name":"(anonymous_2)","decl":{"start":{"line":51,"column":28},"end":{"line":51,"column":33}},"loc":{"start":{"line":51,"column":66},"end":{"line":74,"column":5}}},"2":{"name":"(anonymous_3)","decl":{"start":{"line":76,"column":19},"end":{"line":76,"column":24}},"loc":{"start":{"line":76,"column":57},"end":{"line":126,"column":5}}},"3":{"name":"(anonymous_4)","decl":{"start":{"line":129,"column":37},"end":{"line":129,"column":42}},"loc":{"start":{"line":129,"column":75},"end":{"line":166,"column":5}}},"4":{"name":"(anonymous_5)","decl":{"start":{"line":168,"column":28},"end":{"line":168,"column":33}},"loc":{"start":{"line":168,"column":66},"end":{"line":198,"column":5}}},"5":{"name":"(anonymous_6)","decl":{"start":{"line":200,"column":27},"end":{"line":200,"column":32}},"loc":{"start":{"line":200,"column":65},"end":{"line":217,"column":5}}},"6":{"name":"(anonymous_7)","decl":{"start":{"line":219,"column":37},"end":{"line":219,"column":42}},"loc":{"start":{"line":219,"column":75},"end":{"line":248,"column":5}}},"7":{"name":"(anonymous_8)","decl":{"start":{"line":253,"column":18},"end":{"line":253,"column":23}},"loc":{"start":{"line":253,"column":56},"end":{"line":260,"column":5}}},"8":{"name":"(anonymous_9)","decl":{"start":{"line":262,"column":27},"end":{"line":262,"column":32}},"loc":{"start":{"line":262,"column":65},"end":{"line":288,"column":5}}},"9":{"name":"(anonymous_10)","decl":{"start":{"line":290,"column":39},"end":{"line":290,"column":44}},"loc":{"start":{"line":290,"column":77},"end":{"line":317,"column":5}}},"10":{"name":"(anonymous_11)","decl":{"start":{"line":319,"column":27},"end":{"line":319,"column":32}},"loc":{"start":{"line":319,"column":65},"end":{"line":332,"column":5}}}},"branchMap":{"0":{"loc":{"start":{"line":17,"column":12},"end":{"line":21,"column":13}},"type":"if","locations":[{"start":{"line":17,"column":12},"end":{"line":21,"column":13}}]},"1":{"loc":{"start":{"line":57,"column":12},"end":{"line":61,"column":13}},"type":"if","locations":[{"start":{"line":57,"column":12},"end":{"line":61,"column":13}}]},"2":{"loc":{"start":{"line":82,"column":12},"end":{"line":86,"column":13}},"type":"if","locations":[{"start":{"line":82,"column":12},"end":{"line":86,"column":13}}]},"3":{"loc":{"start":{"line":89,"column":12},"end":{"line":109,"column":13}},"type":"if","locations":[{"start":{"line":89,"column":12},"end":{"line":109,"column":13}}]},"4":{"loc":{"start":{"line":113,"column":12},"end":{"line":117,"column":13}},"type":"if","locations":[{"start":{"line":113,"column":12},"end":{"line":117,"column":13}}]},"5":{"loc":{"start":{"line":135,"column":12},"end":{"line":139,"column":13}},"type":"if","locations":[{"start":{"line":135,"column":12},"end":{"line":139,"column":13}}]},"6":{"loc":{"start":{"line":141,"column":12},"end":{"line":145,"column":13}},"type":"if","locations":[{"start":{"line":141,"column":12},"end":{"line":145,"column":13}}]},"7":{"loc":{"start":{"line":174,"column":12},"end":{"line":178,"column":13}},"type":"if","locations":[{"start":{"line":174,"column":12},"end":{"line":178,"column":13}}]},"8":{"loc":{"start":{"line":206,"column":12},"end":{"line":210,"column":13}},"type":"if","locations":[{"start":{"line":206,"column":12},"end":{"line":210,"column":13}}]},"9":{"loc":{"start":{"line":226,"column":12},"end":{"line":230,"column":13}},"type":"if","locations":[{"start":{"line":226,"column":12},"end":{"line":230,"column":13}}]},"10":{"loc":{"start":{"line":266,"column":12},"end":{"line":268,"column":13}},"type":"if","locations":[{"start":{"line":266,"column":12},"end":{"line":268,"column":13}}]},"11":{"loc":{"start":{"line":273,"column":12},"end":{"line":277,"column":13}},"type":"if","locations":[{"start":{"line":273,"column":12},"end":{"line":277,"column":13}}]},"12":{"loc":{"start":{"line":273,"column":15},"end":{"line":273,"column":78}},"type":"binary-expr","locations":[{"start":{"line":273,"column":15},"end":{"line":273,"column":24}},{"start":{"line":273,"column":28},"end":{"line":273,"column":78}}]},"13":{"loc":{"start":{"line":295,"column":8},"end":{"line":299,"column":9}},"type":"if","locations":[{"start":{"line":295,"column":8},"end":{"line":299,"column":9}}]},"14":{"loc":{"start":{"line":304,"column":8},"end":{"line":308,"column":9}},"type":"if","locations":[{"start":{"line":304,"column":8},"end":{"line":308,"column":9}}]},"15":{"loc":{"start":{"line":324,"column":8},"end":{"line":328,"column":9}},"type":"if","locations":[{"start":{"line":324,"column":8},"end":{"line":328,"column":9}}]}},"s":{"0":2,"1":2,"2":2,"3":2,"4":2,"5":2,"6":2,"7":1,"8":1,"9":1,"10":1,"11":0,"12":0,"13":0,"14":1,"15":1,"16":1,"17":1,"18":1,"19":1,"20":1,"21":1,"22":1,"23":0,"24":2,"25":2,"26":2,"27":2,"28":2,"29":1,"30":1,"31":1,"32":1,"33":1,"34":1,"35":1,"36":1,"37":0,"38":2,"39":4,"40":4,"41":4,"42":4,"43":1,"44":1,"45":1,"46":3,"47":1,"48":1,"49":1,"50":1,"51":1,"52":1,"53":1,"54":1,"55":2,"56":2,"57":1,"58":1,"59":1,"60":1,"61":1,"62":0,"63":2,"64":4,"65":4,"66":4,"67":3,"68":1,"69":1,"70":1,"71":2,"72":1,"73":1,"74":1,"75":1,"76":1,"77":1,"78":1,"79":1,"80":1,"81":1,"82":1,"83":2,"84":3,"85":3,"86":3,"87":2,"88":1,"89":1,"90":1,"91":1,"92":1,"93":1,"94":1,"95":1,"96":1,"97":1,"98":2,"99":4,"100":4,"101":4,"102":2,"103":1,"104":1,"105":1,"106":1,"107":2,"108":2,"109":0,"110":0,"111":0,"112":0,"113":0,"114":0,"115":0,"116":0,"117":0,"118":0,"119":0,"120":0,"121":0,"122":0,"123":0,"124":2,"125":1,"126":1,"127":1,"128":0,"129":2,"130":2,"131":2,"132":0,"133":2,"134":2,"135":2,"136":1,"137":1,"138":1,"139":1,"140":1,"141":1,"142":1,"143":0,"144":0,"145":2,"146":0,"147":0,"148":0,"149":0,"150":0,"151":0,"152":0,"153":0,"154":0,"155":0,"156":0,"157":0,"158":0,"159":0,"160":0,"161":0,"162":0,"163":2,"164":0,"165":0,"166":0,"167":0,"168":0,"169":0,"170":0,"171":0,"172":2},"f":{"0":1,"1":2,"2":4,"3":4,"4":3,"5":4,"6":0,"7":1,"8":2,"9":0,"10":0},"b":{"0":[0],"1":[1],"2":[1],"3":[1],"4":[1],"5":[1],"6":[1],"7":[1],"8":[1],"9":[0],"10":[0],"11":[1],"12":[2,1],"13":[0],"14":[0],"15":[0]}}
,"C:\\Users\\USUARIO\\Desktop\\uptask_mern\\uptask_backend\\src\\controllers\\NoteController.ts": {"path":"C:\\Users\\USUARIO\\Desktop\\uptask_mern\\uptask_backend\\src\\controllers\\NoteController.ts","statementMap":{"0":{"start":{"line":2,"column":0},"end":{"line":2,"column":44}},"1":{"start":{"line":10,"column":24},"end":{"line":27,"column":5}},"2":{"start":{"line":11,"column":8},"end":{"line":26,"column":9}},"3":{"start":{"line":12,"column":32},"end":{"line":12,"column":40}},"4":{"start":{"line":13,"column":25},"end":{"line":13,"column":43}},"5":{"start":{"line":14,"column":12},"end":{"line":14,"column":null}},"6":{"start":{"line":15,"column":12},"end":{"line":15,"column":null}},"7":{"start":{"line":16,"column":12},"end":{"line":16,"column":null}},"8":{"start":{"line":18,"column":12},"end":{"line":18,"column":null}},"9":{"start":{"line":20,"column":12},"end":{"line":20,"column":null}},"10":{"start":{"line":21,"column":12},"end":{"line":21,"column":null}},"11":{"start":{"line":23,"column":12},"end":{"line":23,"column":null}},"12":{"start":{"line":25,"column":12},"end":{"line":25,"column":null}},"13":{"start":{"line":29,"column":26},"end":{"line":36,"column":5}},"14":{"start":{"line":30,"column":8},"end":{"line":35,"column":9}},"15":{"start":{"line":31,"column":26},"end":{"line":31,"column":62}},"16":{"start":{"line":32,"column":12},"end":{"line":32,"column":null}},"17":{"start":{"line":34,"column":12},"end":{"line":34,"column":null}},"18":{"start":{"line":38,"column":24},"end":{"line":62,"column":5}},"19":{"start":{"line":39,"column":8},"end":{"line":61,"column":9}},"20":{"start":{"line":40,"column":29},"end":{"line":40,"column":39}},"21":{"start":{"line":41,"column":25},"end":{"line":41,"column":52}},"22":{"start":{"line":43,"column":12},"end":{"line":46,"column":13}},"23":{"start":{"line":44,"column":16},"end":{"line":44,"column":72}},"24":{"start":{"line":45,"column":16},"end":{"line":45,"column":23}},"25":{"start":{"line":48,"column":12},"end":{"line":51,"column":13}},"26":{"start":{"line":49,"column":16},"end":{"line":49,"column":93}},"27":{"start":{"line":50,"column":16},"end":{"line":50,"column":23}},"28":{"start":{"line":53,"column":12},"end":{"line":53,"column":null}},"29":{"start":{"line":53,"column":59},"end":{"line":53,"column":96}},"30":{"start":{"line":55,"column":12},"end":{"line":55,"column":null}},"31":{"start":{"line":56,"column":12},"end":{"line":56,"column":null}},"32":{"start":{"line":57,"column":12},"end":{"line":57,"column":null}},"33":{"start":{"line":60,"column":12},"end":{"line":60,"column":null}},"34":{"start":{"line":9,"column":0},"end":{"line":9,"column":13}}},"fnMap":{"0":{"name":"(anonymous_1)","decl":{"start":{"line":10,"column":24},"end":{"line":10,"column":29}},"loc":{"start":{"line":10,"column":75},"end":{"line":27,"column":5}}},"1":{"name":"(anonymous_2)","decl":{"start":{"line":29,"column":26},"end":{"line":29,"column":31}},"loc":{"start":{"line":29,"column":64},"end":{"line":36,"column":5}}},"2":{"name":"(anonymous_3)","decl":{"start":{"line":38,"column":24},"end":{"line":38,"column":29}},"loc":{"start":{"line":38,"column":74},"end":{"line":62,"column":5}}},"3":{"name":"(anonymous_4)","decl":{"start":{"line":53,"column":51},"end":{"line":53,"column":55}},"loc":{"start":{"line":53,"column":59},"end":{"line":53,"column":96}}}},"branchMap":{"0":{"loc":{"start":{"line":43,"column":12},"end":{"line":46,"column":13}},"type":"if","locations":[{"start":{"line":43,"column":12},"end":{"line":46,"column":13}}]},"1":{"loc":{"start":{"line":48,"column":12},"end":{"line":51,"column":13}},"type":"if","locations":[{"start":{"line":48,"column":12},"end":{"line":51,"column":13}}]}},"s":{"0":2,"1":2,"2":0,"3":0,"4":0,"5":0,"6":0,"7":0,"8":0,"9":0,"10":0,"11":0,"12":0,"13":2,"14":0,"15":0,"16":0,"17":0,"18":2,"19":0,"20":0,"21":0,"22":0,"23":0,"24":0,"25":0,"26":0,"27":0,"28":0,"29":0,"30":0,"31":0,"32":0,"33":0,"34":2},"f":{"0":0,"1":0,"2":0,"3":0},"b":{"0":[0],"1":[0]}}
,"C:\\Users\\USUARIO\\Desktop\\uptask_mern\\uptask_backend\\src\\controllers\\ProjectController.ts": {"path":"C:\\Users\\USUARIO\\Desktop\\uptask_mern\\uptask_backend\\src\\controllers\\ProjectController.ts","statementMap":{"0":{"start":{"line":2,"column":0},"end":{"line":2,"column":39}},"1":{"start":{"line":6,"column":27},"end":{"line":19,"column":5}},"2":{"start":{"line":8,"column":24},"end":{"line":8,"column":45}},"3":{"start":{"line":11,"column":8},"end":{"line":11,"column":null}},"4":{"start":{"line":13,"column":8},"end":{"line":18,"column":9}},"5":{"start":{"line":14,"column":12},"end":{"line":14,"column":33}},"6":{"start":{"line":15,"column":12},"end":{"line":15,"column":null}},"7":{"start":{"line":17,"column":12},"end":{"line":17,"column":null}},"8":{"start":{"line":21,"column":28},"end":{"line":36,"column":5}},"9":{"start":{"line":22,"column":8},"end":{"line":35,"column":9}},"10":{"start":{"line":23,"column":29},"end":{"line":31,"column":14}},"11":{"start":{"line":32,"column":12},"end":{"line":32,"column":null}},"12":{"start":{"line":34,"column":12},"end":{"line":34,"column":null}},"13":{"start":{"line":38,"column":28},"end":{"line":60,"column":5}},"14":{"start":{"line":39,"column":21},"end":{"line":39,"column":31}},"15":{"start":{"line":41,"column":8},"end":{"line":59,"column":9}},"16":{"start":{"line":43,"column":28},"end":{"line":43,"column":72}},"17":{"start":{"line":46,"column":12},"end":{"line":49,"column":13}},"18":{"start":{"line":47,"column":16},"end":{"line":47,"column":76}},"19":{"start":{"line":48,"column":16},"end":{"line":48,"column":23}},"20":{"start":{"line":51,"column":12},"end":{"line":54,"column":13}},"21":{"start":{"line":52,"column":16},"end":{"line":52,"column":70}},"22":{"start":{"line":53,"column":16},"end":{"line":53,"column":23}},"23":{"start":{"line":56,"column":12},"end":{"line":56,"column":null}},"24":{"start":{"line":58,"column":12},"end":{"line":58,"column":null}},"25":{"start":{"line":62,"column":27},"end":{"line":73,"column":5}},"26":{"start":{"line":63,"column":8},"end":{"line":72,"column":9}},"27":{"start":{"line":64,"column":12},"end":{"line":64,"column":null}},"28":{"start":{"line":65,"column":12},"end":{"line":65,"column":null}},"29":{"start":{"line":66,"column":12},"end":{"line":66,"column":null}},"30":{"start":{"line":68,"column":12},"end":{"line":68,"column":null}},"31":{"start":{"line":69,"column":12},"end":{"line":69,"column":null}},"32":{"start":{"line":71,"column":12},"end":{"line":71,"column":null}},"33":{"start":{"line":75,"column":27},"end":{"line":82,"column":5}},"34":{"start":{"line":76,"column":8},"end":{"line":81,"column":9}},"35":{"start":{"line":77,"column":12},"end":{"line":77,"column":null}},"36":{"start":{"line":78,"column":12},"end":{"line":78,"column":null}},"37":{"start":{"line":80,"column":12},"end":{"line":80,"column":null}},"38":{"start":{"line":4,"column":0},"end":{"line":4,"column":13}}},"fnMap":{"0":{"name":"(anonymous_1)","decl":{"start":{"line":6,"column":27},"end":{"line":6,"column":32}},"loc":{"start":{"line":6,"column":65},"end":{"line":19,"column":5}}},"1":{"name":"(anonymous_2)","decl":{"start":{"line":21,"column":28},"end":{"line":21,"column":33}},"loc":{"start":{"line":21,"column":66},"end":{"line":36,"column":5}}},"2":{"name":"(anonymous_3)","decl":{"start":{"line":38,"column":28},"end":{"line":38,"column":33}},"loc":{"start":{"line":38,"column":66},"end":{"line":60,"column":5}}},"3":{"name":"(anonymous_4)","decl":{"start":{"line":62,"column":27},"end":{"line":62,"column":32}},"loc":{"start":{"line":62,"column":65},"end":{"line":73,"column":5}}},"4":{"name":"(anonymous_5)","decl":{"start":{"line":75,"column":27},"end":{"line":75,"column":32}},"loc":{"start":{"line":75,"column":65},"end":{"line":82,"column":5}}}},"branchMap":{"0":{"loc":{"start":{"line":46,"column":12},"end":{"line":49,"column":13}},"type":"if","locations":[{"start":{"line":46,"column":12},"end":{"line":49,"column":13}}]},"1":{"loc":{"start":{"line":51,"column":12},"end":{"line":54,"column":13}},"type":"if","locations":[{"start":{"line":51,"column":12},"end":{"line":54,"column":13}}]},"2":{"loc":{"start":{"line":51,"column":15},"end":{"line":51,"column":107}},"type":"binary-expr","locations":[{"start":{"line":51,"column":15},"end":{"line":51,"column":68}},{"start":{"line":51,"column":72},"end":{"line":51,"column":107}}]}},"s":{"0":2,"1":2,"2":0,"3":0,"4":0,"5":0,"6":0,"7":0,"8":2,"9":0,"10":0,"11":0,"12":0,"13":2,"14":0,"15":0,"16":0,"17":0,"18":0,"19":0,"20":0,"21":0,"22":0,"23":0,"24":0,"25":2,"26":0,"27":0,"28":0,"29":0,"30":0,"31":0,"32":0,"33":2,"34":0,"35":0,"36":0,"37":0,"38":2},"f":{"0":0,"1":0,"2":0,"3":0,"4":0},"b":{"0":[0],"1":[0],"2":[0,0]}}
,"C:\\Users\\USUARIO\\Desktop\\uptask_mern\\uptask_backend\\src\\controllers\\TaskController.ts": {"path":"C:\\Users\\USUARIO\\Desktop\\uptask_mern\\uptask_backend\\src\\controllers\\TaskController.ts","statementMap":{"0":{"start":{"line":2,"column":0},"end":{"line":2,"column":33}},"1":{"start":{"line":6,"column":24},"end":{"line":19,"column":5}},"2":{"start":{"line":7,"column":8},"end":{"line":18,"column":9}},"3":{"start":{"line":8,"column":25},"end":{"line":8,"column":43}},"4":{"start":{"line":9,"column":12},"end":{"line":9,"column":null}},"5":{"start":{"line":10,"column":12},"end":{"line":10,"column":null}},"6":{"start":{"line":11,"column":12},"end":{"line":11,"column":null}},"7":{"start":{"line":12,"column":12},"end":{"line":12,"column":null}},"8":{"start":{"line":14,"column":12},"end":{"line":14,"column":null}},"9":{"start":{"line":17,"column":12},"end":{"line":17,"column":null}},"10":{"start":{"line":21,"column":29},"end":{"line":29,"column":5}},"11":{"start":{"line":22,"column":8},"end":{"line":28,"column":9}},"12":{"start":{"line":24,"column":26},"end":{"line":24,"column":88}},"13":{"start":{"line":25,"column":12},"end":{"line":25,"column":null}},"14":{"start":{"line":27,"column":12},"end":{"line":27,"column":null}},"15":{"start":{"line":31,"column":25},"end":{"line":42,"column":5}},"16":{"start":{"line":32,"column":8},"end":{"line":41,"column":9}},"17":{"start":{"line":33,"column":25},"end":{"line":36,"column":110}},"18":{"start":{"line":38,"column":12},"end":{"line":38,"column":null}},"19":{"start":{"line":40,"column":12},"end":{"line":40,"column":61}},"20":{"start":{"line":44,"column":24},"end":{"line":55,"column":5}},"21":{"start":{"line":45,"column":8},"end":{"line":54,"column":9}},"22":{"start":{"line":46,"column":12},"end":{"line":46,"column":null}},"23":{"start":{"line":47,"column":12},"end":{"line":47,"column":null}},"24":{"start":{"line":48,"column":12},"end":{"line":48,"column":null}},"25":{"start":{"line":50,"column":12},"end":{"line":50,"column":null}},"26":{"start":{"line":53,"column":12},"end":{"line":53,"column":null}},"27":{"start":{"line":57,"column":24},"end":{"line":69,"column":5}},"28":{"start":{"line":58,"column":8},"end":{"line":68,"column":9}},"29":{"start":{"line":60,"column":12},"end":{"line":60,"column":null}},"30":{"start":{"line":60,"column":66},"end":{"line":60,"column":108}},"31":{"start":{"line":62,"column":12},"end":{"line":62,"column":null}},"32":{"start":{"line":63,"column":12},"end":{"line":63,"column":null}},"33":{"start":{"line":65,"column":12},"end":{"line":65,"column":null}},"34":{"start":{"line":67,"column":12},"end":{"line":67,"column":null}},"35":{"start":{"line":71,"column":26},"end":{"line":91,"column":5}},"36":{"start":{"line":72,"column":8},"end":{"line":90,"column":9}},"37":{"start":{"line":74,"column":31},"end":{"line":74,"column":39}},"38":{"start":{"line":75,"column":12},"end":{"line":75,"column":null}},"39":{"start":{"line":77,"column":25},"end":{"line":80,"column":null}},"40":{"start":{"line":82,"column":12},"end":{"line":82,"column":null}},"41":{"start":{"line":85,"column":12},"end":{"line":85,"column":null}},"42":{"start":{"line":86,"column":12},"end":{"line":86,"column":null}},"43":{"start":{"line":89,"column":12},"end":{"line":89,"column":null}},"44":{"start":{"line":4,"column":0},"end":{"line":4,"column":13}}},"fnMap":{"0":{"name":"(anonymous_1)","decl":{"start":{"line":6,"column":24},"end":{"line":6,"column":29}},"loc":{"start":{"line":6,"column":62},"end":{"line":19,"column":5}}},"1":{"name":"(anonymous_2)","decl":{"start":{"line":21,"column":29},"end":{"line":21,"column":34}},"loc":{"start":{"line":21,"column":67},"end":{"line":29,"column":5}}},"2":{"name":"(anonymous_3)","decl":{"start":{"line":31,"column":25},"end":{"line":31,"column":30}},"loc":{"start":{"line":31,"column":63},"end":{"line":42,"column":5}}},"3":{"name":"(anonymous_4)","decl":{"start":{"line":44,"column":24},"end":{"line":44,"column":29}},"loc":{"start":{"line":44,"column":62},"end":{"line":55,"column":5}}},"4":{"name":"(anonymous_5)","decl":{"start":{"line":57,"column":24},"end":{"line":57,"column":29}},"loc":{"start":{"line":57,"column":62},"end":{"line":69,"column":5}}},"5":{"name":"(anonymous_6)","decl":{"start":{"line":60,"column":58},"end":{"line":60,"column":62}},"loc":{"start":{"line":60,"column":66},"end":{"line":60,"column":108}}},"6":{"name":"(anonymous_7)","decl":{"start":{"line":71,"column":26},"end":{"line":71,"column":31}},"loc":{"start":{"line":71,"column":64},"end":{"line":91,"column":5}}}},"branchMap":{},"s":{"0":2,"1":2,"2":0,"3":0,"4":0,"5":0,"6":0,"7":0,"8":0,"9":0,"10":2,"11":0,"12":0,"13":0,"14":0,"15":2,"16":0,"17":0,"18":0,"19":0,"20":2,"21":0,"22":0,"23":0,"24":0,"25":0,"26":0,"27":2,"28":0,"29":0,"30":0,"31":0,"32":0,"33":0,"34":0,"35":2,"36":0,"37":0,"38":0,"39":0,"40":0,"41":0,"42":0,"43":0,"44":2},"f":{"0":0,"1":0,"2":0,"3":0,"4":0,"5":0,"6":0},"b":{}}
,"C:\\Users\\USUARIO\\Desktop\\uptask_mern\\uptask_backend\\src\\controllers\\TeamController.ts": {"path":"C:\\Users\\USUARIO\\Desktop\\uptask_mern\\uptask_backend\\src\\controllers\\TeamController.ts","statementMap":{"0":{"start":{"line":2,"column":0},"end":{"line":2,"column":33}},"1":{"start":{"line":3,"column":0},"end":{"line":3,"column":39}},"2":{"start":{"line":7,"column":31},"end":{"line":18,"column":5}},"3":{"start":{"line":8,"column":24},"end":{"line":8,"column":32}},"4":{"start":{"line":11,"column":21},"end":{"line":11,"column":72}},"5":{"start":{"line":12,"column":8},"end":{"line":16,"column":9}},"6":{"start":{"line":13,"column":26},"end":{"line":13,"column":60}},"7":{"start":{"line":14,"column":12},"end":{"line":14,"column":null}},"8":{"start":{"line":15,"column":12},"end":{"line":15,"column":18}},"9":{"start":{"line":17,"column":8},"end":{"line":17,"column":null}},"10":{"start":{"line":20,"column":27},"end":{"line":40,"column":5}},"11":{"start":{"line":21,"column":21},"end":{"line":21,"column":29}},"12":{"start":{"line":23,"column":21},"end":{"line":23,"column":57}},"13":{"start":{"line":24,"column":8},"end":{"line":27,"column":9}},"14":{"start":{"line":25,"column":26},"end":{"line":25,"column":60}},"15":{"start":{"line":26,"column":12},"end":{"line":26,"column":null}},"16":{"start":{"line":30,"column":8},"end":{"line":34,"column":9}},"17":{"start":{"line":30,"column":43},"end":{"line":30,"column":81}},"18":{"start":{"line":31,"column":26},"end":{"line":31,"column":75}},"19":{"start":{"line":32,"column":12},"end":{"line":32,"column":null}},"20":{"start":{"line":33,"column":12},"end":{"line":33,"column":18}},"21":{"start":{"line":36,"column":8},"end":{"line":36,"column":null}},"22":{"start":{"line":37,"column":8},"end":{"line":37,"column":null}},"23":{"start":{"line":39,"column":8},"end":{"line":39,"column":null}},"24":{"start":{"line":42,"column":30},"end":{"line":57,"column":5}},"25":{"start":{"line":43,"column":25},"end":{"line":43,"column":35}},"26":{"start":{"line":47,"column":8},"end":{"line":51,"column":9}},"27":{"start":{"line":47,"column":50},"end":{"line":47,"column":93}},"28":{"start":{"line":48,"column":26},"end":{"line":48,"column":77}},"29":{"start":{"line":49,"column":12},"end":{"line":49,"column":null}},"30":{"start":{"line":50,"column":12},"end":{"line":50,"column":18}},"31":{"start":{"line":53,"column":8},"end":{"line":53,"column":null}},"32":{"start":{"line":53,"column":65},"end":{"line":53,"column":108}},"33":{"start":{"line":55,"column":8},"end":{"line":55,"column":null}},"34":{"start":{"line":56,"column":8},"end":{"line":56,"column":null}},"35":{"start":{"line":59,"column":28},"end":{"line":66,"column":5}},"36":{"start":{"line":61,"column":24},"end":{"line":64,"column":10}},"37":{"start":{"line":65,"column":8},"end":{"line":65,"column":null}},"38":{"start":{"line":5,"column":0},"end":{"line":5,"column":13}}},"fnMap":{"0":{"name":"(anonymous_1)","decl":{"start":{"line":7,"column":31},"end":{"line":7,"column":36}},"loc":{"start":{"line":7,"column":69},"end":{"line":18,"column":5}}},"1":{"name":"(anonymous_2)","decl":{"start":{"line":20,"column":27},"end":{"line":20,"column":32}},"loc":{"start":{"line":20,"column":65},"end":{"line":40,"column":5}}},"2":{"name":"(anonymous_3)","decl":{"start":{"line":30,"column":35},"end":{"line":30,"column":39}},"loc":{"start":{"line":30,"column":43},"end":{"line":30,"column":81}}},"3":{"name":"(anonymous_4)","decl":{"start":{"line":42,"column":30},"end":{"line":42,"column":35}},"loc":{"start":{"line":42,"column":68},"end":{"line":57,"column":5}}},"4":{"name":"(anonymous_5)","decl":{"start":{"line":47,"column":36},"end":{"line":47,"column":46}},"loc":{"start":{"line":47,"column":50},"end":{"line":47,"column":93}}},"5":{"name":"(anonymous_6)","decl":{"start":{"line":53,"column":51},"end":{"line":53,"column":61}},"loc":{"start":{"line":53,"column":65},"end":{"line":53,"column":108}}},"6":{"name":"(anonymous_7)","decl":{"start":{"line":59,"column":28},"end":{"line":59,"column":33}},"loc":{"start":{"line":59,"column":66},"end":{"line":66,"column":5}}}},"branchMap":{"0":{"loc":{"start":{"line":12,"column":8},"end":{"line":16,"column":9}},"type":"if","locations":[{"start":{"line":12,"column":8},"end":{"line":16,"column":9}}]},"1":{"loc":{"start":{"line":24,"column":8},"end":{"line":27,"column":9}},"type":"if","locations":[{"start":{"line":24,"column":8},"end":{"line":27,"column":9}}]},"2":{"loc":{"start":{"line":30,"column":8},"end":{"line":34,"column":9}},"type":"if","locations":[{"start":{"line":30,"column":8},"end":{"line":34,"column":9}}]},"3":{"loc":{"start":{"line":47,"column":8},"end":{"line":51,"column":9}},"type":"if","locations":[{"start":{"line":47,"column":8},"end":{"line":51,"column":9}}]}},"s":{"0":2,"1":2,"2":2,"3":0,"4":0,"5":0,"6":0,"7":0,"8":0,"9":0,"10":2,"11":0,"12":0,"13":0,"14":0,"15":0,"16":0,"17":0,"18":0,"19":0,"20":0,"21":0,"22":0,"23":0,"24":2,"25":0,"26":0,"27":0,"28":0,"29":0,"30":0,"31":0,"32":0,"33":0,"34":0,"35":2,"36":0,"37":0,"38":2},"f":{"0":0,"1":0,"2":0,"3":0,"4":0,"5":0,"6":0},"b":{"0":[0],"1":[0],"2":[0],"3":[0]}}
,"C:\\Users\\USUARIO\\Desktop\\uptask_mern\\uptask_backend\\src\\emails\\AuthEmail.ts": {"path":"C:\\Users\\USUARIO\\Desktop\\uptask_mern\\uptask_backend\\src\\emails\\AuthEmail.ts","statementMap":{"0":{"start":{"line":1,"column":0},"end":{"line":1,"column":50}},"1":{"start":{"line":10,"column":35},"end":{"line":28,"column":5}},"2":{"start":{"line":11,"column":21},"end":{"line":22,"column":10}},"3":{"start":{"line":25,"column":8},"end":{"line":27,"column":9}},"4":{"start":{"line":26,"column":12},"end":{"line":26,"column":null}},"5":{"start":{"line":30,"column":36},"end":{"line":48,"column":5}},"6":{"start":{"line":31,"column":21},"end":{"line":42,"column":10}},"7":{"start":{"line":45,"column":8},"end":{"line":47,"column":9}},"8":{"start":{"line":46,"column":12},"end":{"line":46,"column":null}},"9":{"start":{"line":9,"column":0},"end":{"line":9,"column":13}}},"fnMap":{"0":{"name":"(anonymous_0)","decl":{"start":{"line":10,"column":35},"end":{"line":10,"column":40}},"loc":{"start":{"line":10,"column":58},"end":{"line":28,"column":5}}},"1":{"name":"(anonymous_1)","decl":{"start":{"line":30,"column":36},"end":{"line":30,"column":41}},"loc":{"start":{"line":30,"column":59},"end":{"line":48,"column":5}}}},"branchMap":{"0":{"loc":{"start":{"line":25,"column":8},"end":{"line":27,"column":9}},"type":"if","locations":[{"start":{"line":25,"column":8},"end":{"line":27,"column":9}}]},"1":{"loc":{"start":{"line":45,"column":8},"end":{"line":47,"column":9}},"type":"if","locations":[{"start":{"line":45,"column":8},"end":{"line":47,"column":9}}]}},"s":{"0":2,"1":2,"2":1,"3":1,"4":0,"5":2,"6":0,"7":0,"8":0,"9":2},"f":{"0":1,"1":0},"b":{"0":[0],"1":[0]}}
,"C:\\Users\\USUARIO\\Desktop\\uptask_mern\\uptask_backend\\src\\middleware\\auth.ts": {"path":"C:\\Users\\USUARIO\\Desktop\\uptask_mern\\uptask_backend\\src\\middleware\\auth.ts","statementMap":{"0":{"start":{"line":2,"column":0},"end":{"line":2,"column":30}},"1":{"start":{"line":3,"column":0},"end":{"line":3,"column":44}},"2":{"start":{"line":14,"column":28},"end":{"line":43,"column":1}},"3":{"start":{"line":16,"column":19},"end":{"line":16,"column":44}},"4":{"start":{"line":17,"column":4},"end":{"line":21,"column":5}},"5":{"start":{"line":18,"column":22},"end":{"line":18,"column":48}},"6":{"start":{"line":19,"column":8},"end":{"line":19,"column":null}},"7":{"start":{"line":20,"column":8},"end":{"line":20,"column":14}},"8":{"start":{"line":23,"column":18},"end":{"line":23,"column":38}},"9":{"start":{"line":25,"column":4},"end":{"line":42,"column":5}},"10":{"start":{"line":28,"column":24},"end":{"line":28,"column":65}},"11":{"start":{"line":31,"column":8},"end":{"line":39,"column":9}},"12":{"start":{"line":32,"column":25},"end":{"line":32,"column":80}},"13":{"start":{"line":33,"column":12},"end":{"line":38,"column":13}},"14":{"start":{"line":34,"column":16},"end":{"line":34,"column":null}},"15":{"start":{"line":35,"column":16},"end":{"line":35,"column":null}},"16":{"start":{"line":37,"column":16},"end":{"line":37,"column":null}},"17":{"start":{"line":41,"column":8},"end":{"line":41,"column":null}},"18":{"start":{"line":14,"column":13},"end":{"line":14,"column":28}}},"fnMap":{"0":{"name":"(anonymous_1)","decl":{"start":{"line":14,"column":28},"end":{"line":14,"column":33}},"loc":{"start":{"line":14,"column":86},"end":{"line":43,"column":1}}}},"branchMap":{"0":{"loc":{"start":{"line":17,"column":4},"end":{"line":21,"column":5}},"type":"if","locations":[{"start":{"line":17,"column":4},"end":{"line":21,"column":5}}]},"1":{"loc":{"start":{"line":31,"column":8},"end":{"line":39,"column":9}},"type":"if","locations":[{"start":{"line":31,"column":8},"end":{"line":39,"column":9}}]},"2":{"loc":{"start":{"line":31,"column":11},"end":{"line":31,"column":52}},"type":"binary-expr","locations":[{"start":{"line":31,"column":11},"end":{"line":31,"column":38}},{"start":{"line":31,"column":42},"end":{"line":31,"column":52}}]},"3":{"loc":{"start":{"line":33,"column":12},"end":{"line":38,"column":13}},"type":"if","locations":[{"start":{"line":33,"column":12},"end":{"line":38,"column":13}},{"start":{"line":36,"column":19},"end":{"line":38,"column":13}}]}},"s":{"0":2,"1":2,"2":2,"3":5,"4":5,"5":1,"6":1,"7":1,"8":4,"9":4,"10":4,"11":3,"12":3,"13":3,"14":3,"15":3,"16":0,"17":1,"18":2},"f":{"0":5},"b":{"0":[1],"1":[3],"2":[3,3],"3":[3,0]}}
,"C:\\Users\\USUARIO\\Desktop\\uptask_mern\\uptask_backend\\src\\middleware\\project.ts": {"path":"C:\\Users\\USUARIO\\Desktop\\uptask_mern\\uptask_backend\\src\\middleware\\project.ts","statementMap":{"0":{"start":{"line":15,"column":0},"end":{"line":15,"column":7}},"1":{"start":{"line":2,"column":0},"end":{"line":2,"column":54}},"2":{"start":{"line":16,"column":4},"end":{"line":30,"column":5}},"3":{"start":{"line":17,"column":28},"end":{"line":17,"column":38}},"4":{"start":{"line":18,"column":24},"end":{"line":18,"column":57}},"5":{"start":{"line":20,"column":8},"end":{"line":24,"column":9}},"6":{"start":{"line":21,"column":26},"end":{"line":21,"column":61}},"7":{"start":{"line":22,"column":12},"end":{"line":22,"column":null}},"8":{"start":{"line":23,"column":12},"end":{"line":23,"column":18}},"9":{"start":{"line":26,"column":8},"end":{"line":26,"column":null}},"10":{"start":{"line":27,"column":8},"end":{"line":27,"column":null}},"11":{"start":{"line":29,"column":8},"end":{"line":29,"column":null}}},"fnMap":{"0":{"name":"validateProjectExists","decl":{"start":{"line":15,"column":22},"end":{"line":15,"column":43}},"loc":{"start":{"line":15,"column":92},"end":{"line":31,"column":1}}}},"branchMap":{"0":{"loc":{"start":{"line":20,"column":8},"end":{"line":24,"column":9}},"type":"if","locations":[{"start":{"line":20,"column":8},"end":{"line":24,"column":9}}]}},"s":{"0":2,"1":2,"2":0,"3":0,"4":0,"5":0,"6":0,"7":0,"8":0,"9":0,"10":0,"11":0},"f":{"0":0},"b":{"0":[0]}}
,"C:\\Users\\USUARIO\\Desktop\\uptask_mern\\uptask_backend\\src\\middleware\\task.ts": {"path":"C:\\Users\\USUARIO\\Desktop\\uptask_mern\\uptask_backend\\src\\middleware\\task.ts","statementMap":{"0":{"start":{"line":12,"column":0},"end":{"line":12,"column":7}},"1":{"start":{"line":29,"column":0},"end":{"line":29,"column":7}},"2":{"start":{"line":37,"column":0},"end":{"line":37,"column":7}},"3":{"start":{"line":2,"column":0},"end":{"line":2,"column":45}},"4":{"start":{"line":13,"column":4},"end":{"line":26,"column":5}},"5":{"start":{"line":14,"column":25},"end":{"line":14,"column":35}},"6":{"start":{"line":15,"column":21},"end":{"line":15,"column":48}},"7":{"start":{"line":17,"column":8},"end":{"line":20,"column":9}},"8":{"start":{"line":18,"column":12},"end":{"line":18,"column":69}},"9":{"start":{"line":19,"column":12},"end":{"line":19,"column":19}},"10":{"start":{"line":22,"column":8},"end":{"line":22,"column":null}},"11":{"start":{"line":23,"column":8},"end":{"line":23,"column":null}},"12":{"start":{"line":25,"column":8},"end":{"line":25,"column":null}},"13":{"start":{"line":30,"column":4},"end":{"line":33,"column":5}},"14":{"start":{"line":31,"column":8},"end":{"line":31,"column":62}},"15":{"start":{"line":32,"column":8},"end":{"line":32,"column":15}},"16":{"start":{"line":34,"column":4},"end":{"line":34,"column":null}},"17":{"start":{"line":38,"column":4},"end":{"line":42,"column":5}},"18":{"start":{"line":39,"column":22},"end":{"line":39,"column":51}},"19":{"start":{"line":40,"column":8},"end":{"line":40,"column":null}},"20":{"start":{"line":41,"column":8},"end":{"line":41,"column":15}},"21":{"start":{"line":43,"column":4},"end":{"line":43,"column":null}}},"fnMap":{"0":{"name":"taskExists","decl":{"start":{"line":12,"column":22},"end":{"line":12,"column":32}},"loc":{"start":{"line":12,"column":81},"end":{"line":27,"column":1}}},"1":{"name":"taskBelongToProject","decl":{"start":{"line":29,"column":22},"end":{"line":29,"column":41}},"loc":{"start":{"line":29,"column":89},"end":{"line":35,"column":1}}},"2":{"name":"hasAuthorization","decl":{"start":{"line":37,"column":22},"end":{"line":37,"column":38}},"loc":{"start":{"line":37,"column":86},"end":{"line":44,"column":1}}}},"branchMap":{"0":{"loc":{"start":{"line":17,"column":8},"end":{"line":20,"column":9}},"type":"if","locations":[{"start":{"line":17,"column":8},"end":{"line":20,"column":9}}]},"1":{"loc":{"start":{"line":30,"column":4},"end":{"line":33,"column":5}},"type":"if","locations":[{"start":{"line":30,"column":4},"end":{"line":33,"column":5}}]},"2":{"loc":{"start":{"line":38,"column":4},"end":{"line":42,"column":5}},"type":"if","locations":[{"start":{"line":38,"column":4},"end":{"line":42,"column":5}}]}},"s":{"0":2,"1":2,"2":2,"3":2,"4":0,"5":0,"6":0,"7":0,"8":0,"9":0,"10":0,"11":0,"12":0,"13":0,"14":0,"15":0,"16":0,"17":0,"18":0,"19":0,"20":0,"21":0},"f":{"0":0,"1":0,"2":0},"b":{"0":[0],"1":[0],"2":[0]}}
,"C:\\Users\\USUARIO\\Desktop\\uptask_mern\\uptask_backend\\src\\middleware\\validation.ts": {"path":"C:\\Users\\USUARIO\\Desktop\\uptask_mern\\uptask_backend\\src\\middleware\\validation.ts","statementMap":{"0":{"start":{"line":2,"column":0},"end":{"line":2,"column":52}},"1":{"start":{"line":4,"column":33},"end":{"line":11,"column":1}},"2":{"start":{"line":5,"column":17},"end":{"line":5,"column":38}},"3":{"start":{"line":6,"column":4},"end":{"line":9,"column":5}},"4":{"start":{"line":7,"column":8},"end":{"line":7,"column":null}},"5":{"start":{"line":8,"column":8},"end":{"line":8,"column":14}},"6":{"start":{"line":10,"column":4},"end":{"line":10,"column":null}},"7":{"start":{"line":4,"column":13},"end":{"line":4,"column":33}}},"fnMap":{"0":{"name":"(anonymous_0)","decl":{"start":{"line":4,"column":33},"end":{"line":4,"column":34}},"loc":{"start":{"line":4,"column":85},"end":{"line":11,"column":1}}}},"branchMap":{"0":{"loc":{"start":{"line":6,"column":4},"end":{"line":9,"column":5}},"type":"if","locations":[{"start":{"line":6,"column":4},"end":{"line":9,"column":5}}]}},"s":{"0":2,"1":2,"2":20,"3":20,"4":0,"5":0,"6":20,"7":2},"f":{"0":20},"b":{"0":[0]}}
,"C:\\Users\\USUARIO\\Desktop\\uptask_mern\\uptask_backend\\src\\models\\Note.ts": {"path":"C:\\Users\\USUARIO\\Desktop\\uptask_mern\\uptask_backend\\src\\models\\Note.ts","statementMap":{"0":{"start":{"line":1,"column":0},"end":{"line":1,"column":75}},"1":{"start":{"line":9,"column":27},"end":{"line":24,"column":22}},"2":{"start":{"line":26,"column":13},"end":{"line":26,"column":54}},"3":{"start":{"line":27,"column":0},"end":{"line":27,"column":null}}},"fnMap":{},"branchMap":{},"s":{"0":2,"1":2,"2":2,"3":2},"f":{},"b":{}}
,"C:\\Users\\USUARIO\\Desktop\\uptask_mern\\uptask_backend\\src\\models\\Project.ts": {"path":"C:\\Users\\USUARIO\\Desktop\\uptask_mern\\uptask_backend\\src\\models\\Project.ts","statementMap":{"0":{"start":{"line":1,"column":0},"end":{"line":1,"column":75}},"1":{"start":{"line":2,"column":0},"end":{"line":2,"column":37}},"2":{"start":{"line":4,"column":0},"end":{"line":4,"column":26}},"3":{"start":{"line":19,"column":30},"end":{"line":47,"column":22}},"4":{"start":{"line":50,"column":0},"end":{"line":61,"column":3}},"5":{"start":{"line":51,"column":22},"end":{"line":51,"column":30}},"6":{"start":{"line":53,"column":4},"end":{"line":53,"column":25}},"7":{"start":{"line":53,"column":19},"end":{"line":53,"column":25}},"8":{"start":{"line":54,"column":18},"end":{"line":54,"column":57}},"9":{"start":{"line":55,"column":4},"end":{"line":57,"column":5}},"10":{"start":{"line":56,"column":8},"end":{"line":56,"column":null}},"11":{"start":{"line":59,"column":4},"end":{"line":59,"column":null}},"12":{"start":{"line":62,"column":16},"end":{"line":62,"column":66}},"13":{"start":{"line":63,"column":0},"end":{"line":63,"column":null}}},"fnMap":{"0":{"name":"(anonymous_10)","decl":{"start":{"line":50,"column":51},"end":{"line":50,"column":56}},"loc":{"start":{"line":50,"column":56},"end":{"line":61,"column":1}}}},"branchMap":{"0":{"loc":{"start":{"line":53,"column":4},"end":{"line":53,"column":25}},"type":"if","locations":[{"start":{"line":53,"column":4},"end":{"line":53,"column":25}}]}},"s":{"0":2,"1":2,"2":2,"3":2,"4":2,"5":0,"6":0,"7":0,"8":0,"9":0,"10":0,"11":0,"12":2,"13":2},"f":{"0":0},"b":{"0":[0]}}
,"C:\\Users\\USUARIO\\Desktop\\uptask_mern\\uptask_backend\\src\\models\\Task.ts": {"path":"C:\\Users\\USUARIO\\Desktop\\uptask_mern\\uptask_backend\\src\\models\\Task.ts","statementMap":{"0":{"start":{"line":1,"column":0},"end":{"line":1,"column":61}},"1":{"start":{"line":2,"column":0},"end":{"line":2,"column":26}},"2":{"start":{"line":5,"column":19},"end":{"line":11,"column":null}},"3":{"start":{"line":29,"column":13},"end":{"line":69,"column":null}},"4":{"start":{"line":72,"column":0},"end":{"line":77,"column":3}},"5":{"start":{"line":73,"column":4},"end":{"line":73,"column":68}},"6":{"start":{"line":74,"column":19},"end":{"line":74,"column":27}},"7":{"start":{"line":75,"column":19},"end":{"line":75,"column":58}},"8":{"start":{"line":76,"column":4},"end":{"line":76,"column":65}},"9":{"start":{"line":80,"column":13},"end":{"line":80,"column":54}},"10":{"start":{"line":81,"column":0},"end":{"line":81,"column":null}}},"fnMap":{"0":{"name":"(anonymous_10)","decl":{"start":{"line":72,"column":48},"end":{"line":72,"column":53}},"loc":{"start":{"line":72,"column":53},"end":{"line":77,"column":1}}}},"branchMap":{},"s":{"0":2,"1":2,"2":2,"3":2,"4":2,"5":0,"6":0,"7":0,"8":0,"9":2,"10":2},"f":{"0":0},"b":{}}
,"C:\\Users\\USUARIO\\Desktop\\uptask_mern\\uptask_backend\\src\\models\\Token.ts": {"path":"C:\\Users\\USUARIO\\Desktop\\uptask_mern\\uptask_backend\\src\\models\\Token.ts","statementMap":{"0":{"start":{"line":1,"column":0},"end":{"line":1,"column":61}},"1":{"start":{"line":9,"column":20},"end":{"line":24,"column":2}},"2":{"start":{"line":26,"column":14},"end":{"line":26,"column":58}},"3":{"start":{"line":27,"column":0},"end":{"line":27,"column":null}}},"fnMap":{},"branchMap":{},"s":{"0":2,"1":2,"2":2,"3":2},"f":{},"b":{}}
,"C:\\Users\\USUARIO\\Desktop\\uptask_mern\\uptask_backend\\src\\models\\User.ts": {"path":"C:\\Users\\USUARIO\\Desktop\\uptask_mern\\uptask_backend\\src\\models\\User.ts","statementMap":{"0":{"start":{"line":1,"column":0},"end":{"line":1,"column":61}},"1":{"start":{"line":10,"column":13},"end":{"line":33,"column":null}},"2":{"start":{"line":35,"column":13},"end":{"line":35,"column":54}},"3":{"start":{"line":36,"column":0},"end":{"line":36,"column":null}}},"fnMap":{},"branchMap":{},"s":{"0":2,"1":2,"2":2,"3":2},"f":{},"b":{}}
,"C:\\Users\\USUARIO\\Desktop\\uptask_mern\\uptask_backend\\src\\routes\\AuthRoutes.ts": {"path":"C:\\Users\\USUARIO\\Desktop\\uptask_mern\\uptask_backend\\src\\routes\\AuthRoutes.ts","statementMap":{"0":{"start":{"line":1,"column":0},"end":{"line":1,"column":33}},"1":{"start":{"line":2,"column":0},"end":{"line":2,"column":63}},"2":{"start":{"line":3,"column":0},"end":{"line":3,"column":48}},"3":{"start":{"line":4,"column":0},"end":{"line":4,"column":61}},"4":{"start":{"line":5,"column":0},"end":{"line":5,"column":50}},"5":{"start":{"line":7,"column":15},"end":{"line":7,"column":23}},"6":{"start":{"line":9,"column":0},"end":{"line":24,"column":null}},"7":{"start":{"line":15,"column":8},"end":{"line":17,"column":9}},"8":{"start":{"line":16,"column":12},"end":{"line":16,"column":null}},"9":{"start":{"line":18,"column":8},"end":{"line":18,"column":null}},"10":{"start":{"line":26,"column":0},"end":{"line":31,"column":null}},"11":{"start":{"line":33,"column":0},"end":{"line":40,"column":null}},"12":{"start":{"line":42,"column":0},"end":{"line":47,"column":null}},"13":{"start":{"line":49,"column":0},"end":{"line":54,"column":null}},"14":{"start":{"line":56,"column":0},"end":{"line":61,"column":null}},"15":{"start":{"line":63,"column":0},"end":{"line":76,"column":null}},"16":{"start":{"line":69,"column":8},"end":{"line":71,"column":9}},"17":{"start":{"line":70,"column":12},"end":{"line":70,"column":null}},"18":{"start":{"line":72,"column":8},"end":{"line":72,"column":null}},"19":{"start":{"line":78,"column":0},"end":{"line":81,"column":null}},"20":{"start":{"line":85,"column":0},"end":{"line":93,"column":null}},"21":{"start":{"line":95,"column":0},"end":{"line":109,"column":null}},"22":{"start":{"line":102,"column":8},"end":{"line":104,"column":9}},"23":{"start":{"line":103,"column":12},"end":{"line":103,"column":null}},"24":{"start":{"line":105,"column":8},"end":{"line":105,"column":null}},"25":{"start":{"line":111,"column":0},"end":{"line":117,"column":null}},"26":{"start":{"line":119,"column":0},"end":{"line":119,"column":null}}},"fnMap":{"0":{"name":"(anonymous_0)","decl":{"start":{"line":14,"column":41},"end":{"line":14,"column":42}},"loc":{"start":{"line":14,"column":58},"end":{"line":19,"column":5}}},"1":{"name":"(anonymous_1)","decl":{"start":{"line":68,"column":41},"end":{"line":68,"column":42}},"loc":{"start":{"line":68,"column":58},"end":{"line":73,"column":5}}},"2":{"name":"(anonymous_2)","decl":{"start":{"line":101,"column":41},"end":{"line":101,"column":42}},"loc":{"start":{"line":101,"column":58},"end":{"line":106,"column":5}}}},"branchMap":{"0":{"loc":{"start":{"line":15,"column":8},"end":{"line":17,"column":9}},"type":"if","locations":[{"start":{"line":15,"column":8},"end":{"line":17,"column":9}}]},"1":{"loc":{"start":{"line":69,"column":8},"end":{"line":71,"column":9}},"type":"if","locations":[{"start":{"line":69,"column":8},"end":{"line":71,"column":9}}]},"2":{"loc":{"start":{"line":102,"column":8},"end":{"line":104,"column":9}},"type":"if","locations":[{"start":{"line":102,"column":8},"end":{"line":104,"column":9}}]}},"s":{"0":2,"1":2,"2":2,"3":2,"4":2,"5":2,"6":2,"7":1,"8":0,"9":1,"10":2,"11":2,"12":2,"13":2,"14":2,"15":2,"16":0,"17":0,"18":0,"19":2,"20":2,"21":2,"22":0,"23":0,"24":0,"25":2,"26":2},"f":{"0":1,"1":0,"2":0},"b":{"0":[0],"1":[0],"2":[0]}}
,"C:\\Users\\USUARIO\\Desktop\\uptask_mern\\uptask_backend\\src\\routes\\ProjectRoutes.ts": {"path":"C:\\Users\\USUARIO\\Desktop\\uptask_mern\\uptask_backend\\src\\routes\\ProjectRoutes.ts","statementMap":{"0":{"start":{"line":1,"column":0},"end":{"line":1,"column":30}},"1":{"start":{"line":2,"column":0},"end":{"line":2,"column":68}},"2":{"start":{"line":3,"column":0},"end":{"line":3,"column":47}},"3":{"start":{"line":4,"column":0},"end":{"line":4,"column":60}},"4":{"start":{"line":5,"column":0},"end":{"line":5,"column":62}},"5":{"start":{"line":6,"column":0},"end":{"line":6,"column":61}},"6":{"start":{"line":7,"column":0},"end":{"line":7,"column":86}},"7":{"start":{"line":8,"column":0},"end":{"line":8,"column":49}},"8":{"start":{"line":9,"column":0},"end":{"line":9,"column":68}},"9":{"start":{"line":10,"column":0},"end":{"line":10,"column":62}},"10":{"start":{"line":12,"column":15},"end":{"line":12,"column":23}},"11":{"start":{"line":15,"column":0},"end":{"line":15,"column":null}},"12":{"start":{"line":17,"column":0},"end":{"line":26,"column":null}},"13":{"start":{"line":28,"column":0},"end":{"line":29,"column":null}},"14":{"start":{"line":32,"column":0},"end":{"line":35,"column":null}},"15":{"start":{"line":38,"column":0},"end":{"line":38,"column":null}},"16":{"start":{"line":40,"column":0},"end":{"line":50,"column":null}},"17":{"start":{"line":52,"column":0},"end":{"line":56,"column":null}},"18":{"start":{"line":66,"column":0},"end":{"line":73,"column":null}},"19":{"start":{"line":75,"column":0},"end":{"line":76,"column":null}},"20":{"start":{"line":78,"column":0},"end":{"line":78,"column":null}},"21":{"start":{"line":79,"column":0},"end":{"line":79,"column":null}},"22":{"start":{"line":81,"column":0},"end":{"line":84,"column":null}},"23":{"start":{"line":86,"column":0},"end":{"line":95,"column":null}},"24":{"start":{"line":97,"column":0},"end":{"line":101,"column":null}},"25":{"start":{"line":103,"column":0},"end":{"line":107,"column":null}},"26":{"start":{"line":113,"column":0},"end":{"line":117,"column":null}},"27":{"start":{"line":119,"column":0},"end":{"line":123,"column":null}},"28":{"start":{"line":125,"column":0},"end":{"line":129,"column":null}},"29":{"start":{"line":131,"column":0},"end":{"line":133,"column":null}},"30":{"start":{"line":139,"column":0},"end":{"line":144,"column":null}},"31":{"start":{"line":146,"column":0},"end":{"line":148,"column":null}},"32":{"start":{"line":150,"column":0},"end":{"line":155,"column":null}},"33":{"start":{"line":157,"column":0},"end":{"line":157,"column":null}}},"fnMap":{},"branchMap":{},"s":{"0":2,"1":2,"2":2,"3":2,"4":2,"5":2,"6":2,"7":2,"8":2,"9":2,"10":2,"11":2,"12":2,"13":2,"14":2,"15":2,"16":2,"17":2,"18":2,"19":2,"20":2,"21":2,"22":2,"23":2,"24":2,"25":2,"26":2,"27":2,"28":2,"29":2,"30":2,"31":2,"32":2,"33":2},"f":{},"b":{}}
,"C:\\Users\\USUARIO\\Desktop\\uptask_mern\\uptask_backend\\src\\utils\\auth.ts": {"path":"C:\\Users\\USUARIO\\Desktop\\uptask_mern\\uptask_backend\\src\\utils\\auth.ts","statementMap":{"0":{"start":{"line":1,"column":0},"end":{"line":1,"column":27}},"1":{"start":{"line":3,"column":28},"end":{"line":6,"column":1}},"2":{"start":{"line":4,"column":17},"end":{"line":4,"column":41}},"3":{"start":{"line":5,"column":4},"end":{"line":5,"column":null}},"4":{"start":{"line":3,"column":13},"end":{"line":3,"column":28}},"5":{"start":{"line":8,"column":29},"end":{"line":10,"column":1}},"6":{"start":{"line":9,"column":4},"end":{"line":9,"column":null}},"7":{"start":{"line":8,"column":13},"end":{"line":8,"column":29}}},"fnMap":{"0":{"name":"(anonymous_1)","decl":{"start":{"line":3,"column":28},"end":{"line":3,"column":33}},"loc":{"start":{"line":3,"column":55},"end":{"line":6,"column":1}}},"1":{"name":"(anonymous_2)","decl":{"start":{"line":8,"column":29},"end":{"line":8,"column":34}},"loc":{"start":{"line":8,"column":83},"end":{"line":10,"column":1}}}},"branchMap":{},"s":{"0":2,"1":2,"2":4,"3":4,"4":2,"5":2,"6":1,"7":2},"f":{"0":4,"1":1},"b":{}}
,"C:\\Users\\USUARIO\\Desktop\\uptask_mern\\uptask_backend\\src\\utils\\jwt.ts": {"path":"C:\\Users\\USUARIO\\Desktop\\uptask_mern\\uptask_backend\\src\\utils\\jwt.ts","statementMap":{"0":{"start":{"line":1,"column":0},"end":{"line":1,"column":30}},"1":{"start":{"line":8,"column":27},"end":{"line":14,"column":1}},"2":{"start":{"line":10,"column":18},"end":{"line":12,"column":6}},"3":{"start":{"line":13,"column":4},"end":{"line":13,"column":null}},"4":{"start":{"line":8,"column":13},"end":{"line":8,"column":27}}},"fnMap":{"0":{"name":"(anonymous_1)","decl":{"start":{"line":8,"column":27},"end":{"line":8,"column":28}},"loc":{"start":{"line":8,"column":52},"end":{"line":14,"column":1}}}},"branchMap":{},"s":{"0":2,"1":2,"2":3,"3":3,"4":2},"f":{"0":3},"b":{}}
,"C:\\Users\\USUARIO\\Desktop\\uptask_mern\\uptask_backend\\src\\utils\\token.ts": {"path":"C:\\Users\\USUARIO\\Desktop\\uptask_mern\\uptask_backend\\src\\utils\\token.ts","statementMap":{"0":{"start":{"line":1,"column":29},"end":{"line":1,"column":91}},"1":{"start":{"line":1,"column":35},"end":{"line":1,"column":91}},"2":{"start":{"line":1,"column":13},"end":{"line":1,"column":29}}},"fnMap":{"0":{"name":"(anonymous_0)","decl":{"start":{"line":1,"column":29},"end":{"line":1,"column":32}},"loc":{"start":{"line":1,"column":35},"end":{"line":1,"column":91}}}},"branchMap":{},"s":{"0":2,"1":1,"2":2},"f":{"0":1},"b":{}}
,"C:\\Users\\USUARIO\\Desktop\\uptask_mern\\uptask_backend\\src\\utils\\test\\dbHandler.ts": {"path":"C:\\Users\\USUARIO\\Desktop\\uptask_mern\\uptask_backend\\src\\utils\\test\\dbHandler.ts","statementMap":{"0":{"start":{"line":1,"column":0},"end":{"line":1,"column":31}},"1":{"start":{"line":3,"column":25},"end":{"line":5,"column":1}},"2":{"start":{"line":4,"column":2},"end":{"line":4,"column":null}},"3":{"start":{"line":3,"column":13},"end":{"line":3,"column":25}},"4":{"start":{"line":7,"column":23},"end":{"line":12,"column":1}},"5":{"start":{"line":8,"column":22},"end":{"line":8,"column":53}},"6":{"start":{"line":9,"column":2},"end":{"line":11,"column":3}},"7":{"start":{"line":10,"column":4},"end":{"line":10,"column":null}},"8":{"start":{"line":7,"column":13},"end":{"line":7,"column":23}},"9":{"start":{"line":14,"column":23},"end":{"line":21,"column":1}},"10":{"start":{"line":16,"column":22},"end":{"line":16,"column":53}},"11":{"start":{"line":17,"column":2},"end":{"line":19,"column":3}},"12":{"start":{"line":18,"column":4},"end":{"line":18,"column":null}},"13":{"start":{"line":20,"column":2},"end":{"line":20,"column":null}},"14":{"start":{"line":14,"column":13},"end":{"line":14,"column":23}}},"fnMap":{"0":{"name":"(anonymous_1)","decl":{"start":{"line":3,"column":25},"end":{"line":3,"column":30}},"loc":{"start":{"line":3,"column":36},"end":{"line":5,"column":1}}},"1":{"name":"(anonymous_2)","decl":{"start":{"line":7,"column":23},"end":{"line":7,"column":28}},"loc":{"start":{"line":7,"column":34},"end":{"line":12,"column":1}}},"2":{"name":"(anonymous_3)","decl":{"start":{"line":14,"column":23},"end":{"line":14,"column":28}},"loc":{"start":{"line":14,"column":34},"end":{"line":21,"column":1}}}},"branchMap":{},"s":{"0":1,"1":1,"2":1,"3":1,"4":1,"5":23,"6":23,"7":115,"8":1,"9":1,"10":1,"11":1,"12":5,"13":1,"14":1},"f":{"0":1,"1":23,"2":1},"b":{}}
}
