TN:
SF:src\server.ts
FN:29,(anonymous_1)
FNF:1
FNH:1
FNDA:1,(anonymous_1)
DA:1,2
DA:2,2
DA:3,2
DA:4,2
DA:5,2
DA:6,2
DA:7,2
DA:8,2
DA:10,2
DA:12,2
DA:13,2
DA:16,2
DA:19,2
DA:22,2
DA:26,2
DA:29,2
DA:30,1
DA:34,2
DA:35,2
DA:38,2
LF:20
LH:20
BRDA:12,0,0,2
BRF:1
BRH:1
end_of_record
TN:
SF:src\config\cors.ts
FN:5,(anonymous_0)
FNF:1
FNH:1
FNDA:24,(anonymous_0)
DA:4,2
DA:6,24
DA:9,24
DA:10,24
DA:13,0
DA:14,0
DA:16,0
LF:7
LH:4
BRDA:9,0,0,24
BRDA:9,1,0,24
BRDA:9,1,1,0
BRDA:13,2,0,0
BRDA:13,2,1,0
BRF:5
BRH:2
end_of_record
TN:
SF:src\config\db.ts
FN:4,(anonymous_1)
FNF:1
FNH:1
FNDA:2,(anonymous_1)
DA:1,2
DA:2,2
DA:4,2
DA:5,2
DA:6,2
DA:7,1
DA:8,0
DA:11,0
DA:12,0
LF:9
LH:6
BRDA:7,0,0,0
BRF:1
BRH:0
end_of_record
TN:
SF:src\config\nodemailer.ts
FN:6,(anonymous_1)
FNF:1
FNH:1
FNDA:2,(anonymous_1)
DA:1,2
DA:2,2
DA:4,2
DA:6,2
DA:7,2
DA:17,2
LF:6
LH:6
BRF:0
BRH:0
end_of_record
TN:
SF:src\controllers\AuthController.ts
FN:11,(anonymous_1)
FN:51,(anonymous_2)
FN:76,(anonymous_3)
FN:129,(anonymous_4)
FN:168,(anonymous_5)
FN:200,(anonymous_6)
FN:219,(anonymous_7)
FN:253,(anonymous_8)
FN:262,(anonymous_9)
FN:290,(anonymous_10)
FN:319,(anonymous_11)
FNF:11
FNH:8
FNDA:1,(anonymous_1)
FNDA:2,(anonymous_2)
FNDA:4,(anonymous_3)
FNDA:4,(anonymous_4)
FNDA:3,(anonymous_5)
FNDA:4,(anonymous_6)
FNDA:0,(anonymous_7)
FNDA:1,(anonymous_8)
FNDA:2,(anonymous_9)
FNDA:0,(anonymous_10)
FNDA:0,(anonymous_11)
DA:2,2
DA:3,2
DA:4,2
DA:5,2
DA:6,2
DA:7,2
DA:9,2
DA:11,2
DA:12,1
DA:13,1
DA:16,1
DA:17,1
DA:18,0
DA:19,0
DA:20,0
DA:23,1
DA:28,1
DA:31,1
DA:32,1
DA:33,1
DA:36,1
DA:42,1
DA:43,1
DA:45,1
DA:47,0
DA:51,2
DA:52,2
DA:53,2
DA:56,2
DA:57,2
DA:58,1
DA:59,1
DA:60,1
DA:63,1
DA:64,1
DA:66,1
DA:67,1
DA:69,1
DA:72,0
DA:76,2
DA:77,4
DA:78,4
DA:79,4
DA:82,4
DA:83,1
DA:84,1
DA:85,1
DA:89,3
DA:93,1
DA:94,1
DA:95,1
DA:97,1
DA:100,1
DA:106,1
DA:107,1
DA:108,1
DA:112,2
DA:113,2
DA:114,1
DA:115,1
DA:116,1
DA:120,1
DA:121,1
DA:124,0
DA:129,2
DA:130,4
DA:131,4
DA:134,4
DA:135,3
DA:136,1
DA:137,1
DA:138,1
DA:141,2
DA:142,1
DA:143,1
DA:144,1
DA:148,1
DA:149,1
DA:150,1
DA:153,1
DA:159,1
DA:160,1
DA:162,1
DA:164,1
DA:168,2
DA:169,3
DA:170,3
DA:173,3
DA:174,2
DA:175,1
DA:176,1
DA:177,1
DA:181,1
DA:182,1
DA:183,1
DA:185,1
DA:188,1
DA:194,1
DA:196,1
DA:200,2
DA:201,4
DA:202,4
DA:205,4
DA:206,2
DA:207,1
DA:208,1
DA:209,1
DA:212,1
DA:215,2
DA:219,2
DA:220,0
DA:222,0
DA:225,0
DA:226,0
DA:227,0
DA:228,0
DA:229,0
DA:233,0
DA:235,0
DA:236,0
DA:239,0
DA:240,0
DA:242,0
DA:245,0
DA:246,0
DA:253,2
DA:254,1
DA:255,1
DA:256,1
DA:258,0
DA:262,2
DA:264,2
DA:266,2
DA:267,0
DA:270,2
DA:272,2
DA:273,2
DA:274,1
DA:275,1
DA:276,1
DA:279,1
DA:280,1
DA:282,1
DA:283,1
DA:285,0
DA:286,0
DA:290,2
DA:291,0
DA:293,0
DA:294,0
DA:295,0
DA:296,0
DA:297,0
DA:298,0
DA:302,0
DA:304,0
DA:305,0
DA:306,0
DA:307,0
DA:310,0
DA:311,0
DA:312,0
DA:313,0
DA:315,0
DA:319,2
DA:320,0
DA:321,0
DA:323,0
DA:324,0
DA:325,0
DA:326,0
DA:327,0
DA:330,0
LF:173
LH:123
BRDA:17,0,0,0
BRDA:57,1,0,1
BRDA:82,2,0,1
BRDA:89,3,0,1
BRDA:113,4,0,1
BRDA:135,5,0,1
BRDA:141,6,0,1
BRDA:174,7,0,1
BRDA:206,8,0,1
BRDA:226,9,0,0
BRDA:266,10,0,0
BRDA:273,11,0,1
BRDA:273,12,0,2
BRDA:273,12,1,1
BRDA:295,13,0,0
BRDA:304,14,0,0
BRDA:324,15,0,0
BRF:17
BRH:11
end_of_record
TN:
SF:src\controllers\NoteController.ts
FN:10,(anonymous_1)
FN:29,(anonymous_2)
FN:38,(anonymous_3)
FN:53,(anonymous_4)
FNF:4
FNH:0
FNDA:0,(anonymous_1)
FNDA:0,(anonymous_2)
FNDA:0,(anonymous_3)
FNDA:0,(anonymous_4)
DA:2,2
DA:9,2
DA:10,2
DA:11,0
DA:12,0
DA:13,0
DA:14,0
DA:15,0
DA:16,0
DA:18,0
DA:20,0
DA:21,0
DA:23,0
DA:25,0
DA:29,2
DA:30,0
DA:31,0
DA:32,0
DA:34,0
DA:38,2
DA:39,0
DA:40,0
DA:41,0
DA:43,0
DA:44,0
DA:45,0
DA:48,0
DA:49,0
DA:50,0
DA:53,0
DA:55,0
DA:56,0
DA:57,0
DA:60,0
LF:34
LH:5
BRDA:43,0,0,0
BRDA:48,1,0,0
BRF:2
BRH:0
end_of_record
TN:
SF:src\controllers\ProjectController.ts
FN:6,(anonymous_1)
FN:21,(anonymous_2)
FN:38,(anonymous_3)
FN:62,(anonymous_4)
FN:75,(anonymous_5)
FNF:5
FNH:0
FNDA:0,(anonymous_1)
FNDA:0,(anonymous_2)
FNDA:0,(anonymous_3)
FNDA:0,(anonymous_4)
FNDA:0,(anonymous_5)
DA:2,2
DA:4,2
DA:6,2
DA:8,0
DA:11,0
DA:13,0
DA:14,0
DA:15,0
DA:17,0
DA:21,2
DA:22,0
DA:23,0
DA:32,0
DA:34,0
DA:38,2
DA:39,0
DA:41,0
DA:43,0
DA:46,0
DA:47,0
DA:48,0
DA:51,0
DA:52,0
DA:53,0
DA:56,0
DA:58,0
DA:62,2
DA:63,0
DA:64,0
DA:65,0
DA:66,0
DA:68,0
DA:69,0
DA:71,0
DA:75,2
DA:76,0
DA:77,0
DA:78,0
DA:80,0
LF:39
LH:7
BRDA:46,0,0,0
BRDA:51,1,0,0
BRDA:51,2,0,0
BRDA:51,2,1,0
BRF:4
BRH:0
end_of_record
TN:
SF:src\controllers\TaskController.ts
FN:6,(anonymous_1)
FN:21,(anonymous_2)
FN:31,(anonymous_3)
FN:44,(anonymous_4)
FN:57,(anonymous_5)
FN:60,(anonymous_6)
FN:71,(anonymous_7)
FNF:7
FNH:0
FNDA:0,(anonymous_1)
FNDA:0,(anonymous_2)
FNDA:0,(anonymous_3)
FNDA:0,(anonymous_4)
FNDA:0,(anonymous_5)
FNDA:0,(anonymous_6)
FNDA:0,(anonymous_7)
DA:2,2
DA:4,2
DA:6,2
DA:7,0
DA:8,0
DA:9,0
DA:10,0
DA:11,0
DA:12,0
DA:14,0
DA:17,0
DA:21,2
DA:22,0
DA:24,0
DA:25,0
DA:27,0
DA:31,2
DA:32,0
DA:33,0
DA:38,0
DA:40,0
DA:44,2
DA:45,0
DA:46,0
DA:47,0
DA:48,0
DA:50,0
DA:53,0
DA:57,2
DA:58,0
DA:60,0
DA:62,0
DA:63,0
DA:65,0
DA:67,0
DA:71,2
DA:72,0
DA:74,0
DA:75,0
DA:77,0
DA:82,0
DA:85,0
DA:86,0
DA:89,0
LF:44
LH:8
BRF:0
BRH:0
end_of_record
TN:
SF:src\controllers\TeamController.ts
FN:7,(anonymous_1)
FN:20,(anonymous_2)
FN:30,(anonymous_3)
FN:42,(anonymous_4)
FN:47,(anonymous_5)
FN:53,(anonymous_6)
FN:59,(anonymous_7)
FNF:7
FNH:0
FNDA:0,(anonymous_1)
FNDA:0,(anonymous_2)
FNDA:0,(anonymous_3)
FNDA:0,(anonymous_4)
FNDA:0,(anonymous_5)
FNDA:0,(anonymous_6)
FNDA:0,(anonymous_7)
DA:2,2
DA:3,2
DA:5,2
DA:7,2
DA:8,0
DA:11,0
DA:12,0
DA:13,0
DA:14,0
DA:15,0
DA:17,0
DA:20,2
DA:21,0
DA:23,0
DA:24,0
DA:25,0
DA:26,0
DA:30,0
DA:31,0
DA:32,0
DA:33,0
DA:36,0
DA:37,0
DA:39,0
DA:42,2
DA:43,0
DA:47,0
DA:48,0
DA:49,0
DA:50,0
DA:53,0
DA:55,0
DA:56,0
DA:59,2
DA:61,0
DA:65,0
LF:36
LH:7
BRDA:12,0,0,0
BRDA:24,1,0,0
BRDA:30,2,0,0
BRDA:47,3,0,0
BRF:4
BRH:0
end_of_record
TN:
SF:src\emails\AuthEmail.ts
FN:10,(anonymous_0)
FN:30,(anonymous_1)
FNF:2
FNH:1
FNDA:1,(anonymous_0)
FNDA:0,(anonymous_1)
DA:1,2
DA:9,2
DA:10,2
DA:11,1
DA:25,1
DA:26,0
DA:30,2
DA:31,0
DA:45,0
DA:46,0
LF:10
LH:6
BRDA:25,0,0,0
BRDA:45,1,0,0
BRF:2
BRH:0
end_of_record
TN:
SF:src\middleware\auth.ts
FN:14,(anonymous_1)
FNF:1
FNH:1
FNDA:5,(anonymous_1)
DA:2,2
DA:3,2
DA:14,2
DA:16,5
DA:17,5
DA:18,1
DA:19,1
DA:20,1
DA:23,4
DA:25,4
DA:28,4
DA:31,3
DA:32,3
DA:33,3
DA:34,3
DA:35,3
DA:37,0
DA:41,1
LF:18
LH:17
BRDA:17,0,0,1
BRDA:31,1,0,3
BRDA:31,2,0,3
BRDA:31,2,1,3
BRDA:33,3,0,3
BRDA:33,3,1,0
BRF:6
BRH:5
end_of_record
TN:
SF:src\middleware\project.ts
FN:15,validateProjectExists
FNF:1
FNH:0
FNDA:0,validateProjectExists
DA:2,2
DA:15,2
DA:16,0
DA:17,0
DA:18,0
DA:20,0
DA:21,0
DA:22,0
DA:23,0
DA:26,0
DA:27,0
DA:29,0
LF:12
LH:2
BRDA:20,0,0,0
BRF:1
BRH:0
end_of_record
TN:
SF:src\middleware\task.ts
FN:12,taskExists
FN:29,taskBelongToProject
FN:37,hasAuthorization
FNF:3
FNH:0
FNDA:0,taskExists
FNDA:0,taskBelongToProject
FNDA:0,hasAuthorization
DA:2,2
DA:12,2
DA:13,0
DA:14,0
DA:15,0
DA:17,0
DA:18,0
DA:19,0
DA:22,0
DA:23,0
DA:25,0
DA:29,2
DA:30,0
DA:31,0
DA:32,0
DA:34,0
DA:37,2
DA:38,0
DA:39,0
DA:40,0
DA:41,0
DA:43,0
LF:22
LH:4
BRDA:17,0,0,0
BRDA:30,1,0,0
BRDA:38,2,0,0
BRF:3
BRH:0
end_of_record
TN:
SF:src\middleware\validation.ts
FN:4,(anonymous_0)
FNF:1
FNH:1
FNDA:20,(anonymous_0)
DA:2,2
DA:4,2
DA:5,20
DA:6,20
DA:7,0
DA:8,0
DA:10,20
LF:7
LH:5
BRDA:6,0,0,0
BRF:1
BRH:0
end_of_record
TN:
SF:src\models\Note.ts
FNF:0
FNH:0
DA:1,2
DA:9,2
DA:26,2
DA:27,2
LF:4
LH:4
BRF:0
BRH:0
end_of_record
TN:
SF:src\models\Project.ts
FN:50,(anonymous_10)
FNF:1
FNH:0
FNDA:0,(anonymous_10)
DA:1,2
DA:2,2
DA:4,2
DA:19,2
DA:50,2
DA:51,0
DA:53,0
DA:54,0
DA:55,0
DA:56,0
DA:59,0
DA:62,2
DA:63,2
LF:13
LH:7
BRDA:53,0,0,0
BRF:1
BRH:0
end_of_record
TN:
SF:src\models\Task.ts
FN:72,(anonymous_10)
FNF:1
FNH:0
FNDA:0,(anonymous_10)
DA:1,2
DA:2,2
DA:5,2
DA:29,2
DA:72,2
DA:73,0
DA:74,0
DA:75,0
DA:76,0
DA:80,2
DA:81,2
LF:11
LH:7
BRF:0
BRH:0
end_of_record
TN:
SF:src\models\Token.ts
FNF:0
FNH:0
DA:1,2
DA:9,2
DA:26,2
DA:27,2
LF:4
LH:4
BRF:0
BRH:0
end_of_record
TN:
SF:src\models\User.ts
FNF:0
FNH:0
DA:1,2
DA:10,2
DA:35,2
DA:36,2
LF:4
LH:4
BRF:0
BRH:0
end_of_record
TN:
SF:src\routes\AuthRoutes.ts
FN:14,(anonymous_0)
FN:68,(anonymous_1)
FN:101,(anonymous_2)
FNF:3
FNH:1
FNDA:1,(anonymous_0)
FNDA:0,(anonymous_1)
FNDA:0,(anonymous_2)
DA:1,2
DA:2,2
DA:3,2
DA:4,2
DA:5,2
DA:7,2
DA:9,2
DA:15,1
DA:16,0
DA:18,1
DA:26,2
DA:33,2
DA:42,2
DA:49,2
DA:56,2
DA:63,2
DA:69,0
DA:70,0
DA:72,0
DA:78,2
DA:85,2
DA:95,2
DA:102,0
DA:103,0
DA:105,0
DA:111,2
DA:119,2
LF:27
LH:20
BRDA:15,0,0,0
BRDA:69,1,0,0
BRDA:102,2,0,0
BRF:3
BRH:0
end_of_record
TN:
SF:src\routes\ProjectRoutes.ts
FNF:0
FNH:0
DA:1,2
DA:2,2
DA:3,2
DA:4,2
DA:5,2
DA:6,2
DA:7,2
DA:8,2
DA:9,2
DA:10,2
DA:12,2
DA:15,2
DA:17,2
DA:28,2
DA:32,2
DA:38,2
DA:40,2
DA:52,2
DA:66,2
DA:75,2
DA:78,2
DA:79,2
DA:81,2
DA:86,2
DA:97,2
DA:103,2
DA:113,2
DA:119,2
DA:125,2
DA:131,2
DA:139,2
DA:146,2
DA:150,2
DA:157,2
LF:34
LH:34
BRF:0
BRH:0
end_of_record
TN:
SF:src\utils\auth.ts
FN:3,(anonymous_1)
FN:8,(anonymous_2)
FNF:2
FNH:2
FNDA:4,(anonymous_1)
FNDA:1,(anonymous_2)
DA:1,2
DA:3,2
DA:4,4
DA:5,4
DA:8,2
DA:9,1
LF:6
LH:6
BRF:0
BRH:0
end_of_record
TN:
SF:src\utils\jwt.ts
FN:8,(anonymous_1)
FNF:1
FNH:1
FNDA:3,(anonymous_1)
DA:1,2
DA:8,2
DA:10,3
DA:13,3
LF:4
LH:4
BRF:0
BRH:0
end_of_record
TN:
SF:src\utils\token.ts
FN:1,(anonymous_0)
FNF:1
FNH:1
FNDA:1,(anonymous_0)
DA:1,2
LF:1
LH:1
BRF:0
BRH:0
end_of_record
TN:
SF:src\utils\test\dbHandler.ts
FN:3,(anonymous_1)
FN:7,(anonymous_2)
FN:14,(anonymous_3)
FNF:3
FNH:3
FNDA:1,(anonymous_1)
FNDA:23,(anonymous_2)
FNDA:1,(anonymous_3)
DA:1,1
DA:3,1
DA:4,1
DA:7,1
DA:8,23
DA:9,23
DA:10,115
DA:14,1
DA:16,1
DA:17,1
DA:18,5
DA:20,1
LF:12
LH:12
BRF:0
BRH:0
end_of_record
